<?xml version="1.0" encoding="UTF-8"?>
<coverage generated="1780032456287" clover="3.2.0">
  <project timestamp="1780032456287" name="All files">
    <metrics statements="318" coveredstatements="312" conditionals="209" coveredconditionals="189" methods="45" coveredmethods="45" elements="572" coveredelements="546" complexity="0" loc="318" ncloc="318" packages="1" files="4" classes="4"/>
    <file name="config.js" path="/home/lucky/stuff/to-del/LLM2Deck/src/config.js">
      <metrics statements="73" coveredstatements="73" conditionals="73" coveredconditionals="73" methods="6" coveredmethods="6"/>
      <line num="4" count="1" type="stmt"/>
      <line num="26" count="25" type="stmt"/>
      <line num="27" count="25" type="stmt"/>
      <line num="30" count="25" type="stmt"/>
      <line num="31" count="25" type="cond" truecount="2" falsecount="0"/>
      <line num="32" count="23" type="stmt"/>
      <line num="33" count="23" type="stmt"/>
      <line num="34" count="23" type="cond" truecount="4" falsecount="0"/>
      <line num="35" count="3" type="stmt"/>
      <line num="36" count="3" type="stmt"/>
      <line num="39" count="2" type="stmt"/>
      <line num="40" count="2" type="stmt"/>
      <line num="43" count="1" type="stmt"/>
      <line num="44" count="1" type="stmt"/>
      <line num="56" count="25" type="stmt"/>
      <line num="57" count="25" type="stmt"/>
      <line num="58" count="25" type="cond" truecount="2" falsecount="0"/>
      <line num="59" count="23" type="stmt"/>
      <line num="60" count="23" type="stmt"/>
      <line num="61" count="23" type="cond" truecount="4" falsecount="0"/>
      <line num="62" count="14" type="stmt"/>
      <line num="64" count="8" type="stmt"/>
      <line num="67" count="2" type="stmt"/>
      <line num="70" count="1" type="stmt"/>
      <line num="81" count="25" type="stmt"/>
      <line num="82" count="13" type="cond" truecount="2" falsecount="0"/>
      <line num="83" count="1" type="stmt"/>
      <line num="85" count="12" type="stmt"/>
      <line num="86" count="12" type="stmt"/>
      <line num="87" count="12" type="cond" truecount="2" falsecount="0"/>
      <line num="88" count="10" type="cond" truecount="2" falsecount="0"/>
      <line num="89" count="4" type="cond" truecount="2" falsecount="0"/>
      <line num="90" count="2" type="stmt"/>
      <line num="93" count="12" type="cond" truecount="2" falsecount="0"/>
      <line num="94" count="4" type="stmt"/>
      <line num="99" count="21" type="cond" truecount="4" falsecount="0"/>
      <line num="100" count="2" type="stmt"/>
      <line num="103" count="21" type="stmt"/>
      <line num="115" count="25" type="stmt"/>
      <line num="120" count="76" type="cond" truecount="2" falsecount="0"/>
      <line num="121" count="21" type="cond" truecount="5" falsecount="0"/>
      <line num="122" count="19" type="stmt"/>
      <line num="123" count="19" type="cond" truecount="4" falsecount="0"/>
      <line num="124" count="3" type="stmt"/>
      <line num="126" count="16" type="stmt"/>
      <line num="127" count="16" type="stmt"/>
      <line num="133" count="16" type="cond" truecount="2" falsecount="0"/>
      <line num="134" count="1" type="stmt"/>
      <line num="136" count="15" type="stmt"/>
      <line num="138" count="55" type="cond" truecount="2" falsecount="0"/>
      <line num="139" count="8" type="stmt"/>
      <line num="140" count="9" type="stmt"/>
      <line num="142" count="47" type="cond" truecount="4" falsecount="0"/>
      <line num="143" count="44" type="stmt"/>
      <line num="144" count="42" type="stmt"/>
      <line num="149" count="25" type="stmt"/>
      <line num="150" count="25" type="stmt"/>
      <line num="162" count="78" type="cond" truecount="4" falsecount="0"/>
      <line num="163" count="73" type="cond" truecount="4" falsecount="0"/>
      <line num="165" count="68" type="stmt"/>
      <line num="166" count="68" type="stmt"/>
      <line num="167" count="94" type="cond" truecount="5" falsecount="0"/>
      <line num="168" count="3" type="stmt"/>
      <line num="171" count="91" type="stmt"/>
      <line num="172" count="91" type="stmt"/>
      <line num="174" count="91" type="cond" truecount="4" falsecount="0"/>
      <line num="175" count="2" type="stmt"/>
      <line num="178" count="89" type="cond" truecount="2" falsecount="0"/>
      <line num="179" count="1" type="stmt"/>
      <line num="180" count="88" type="cond" truecount="6" falsecount="0"/>
      <line num="181" count="39" type="stmt"/>
      <line num="183" count="49" type="stmt"/>
      <line num="186" count="68" type="stmt"/>
    </file>
    <file name="database.js" path="/home/lucky/stuff/to-del/LLM2Deck/src/database.js">
      <metrics statements="58" coveredstatements="58" conditionals="10" coveredconditionals="10" methods="15" coveredmethods="15"/>
      <line num="9" count="2" type="stmt"/>
      <line num="17" count="204" type="cond" truecount="2" falsecount="0"/>
      <line num="18" count="1" type="stmt"/>
      <line num="20" count="203" type="stmt"/>
      <line num="36" count="19" type="cond" truecount="2" falsecount="0"/>
      <line num="37" count="1" type="stmt"/>
      <line num="38" count="1" type="stmt"/>
      <line num="42" count="1" type="stmt"/>
      <line num="46" count="19" type="stmt"/>
      <line num="47" count="19" type="cond" truecount="2" falsecount="0"/>
      <line num="48" count="1" type="stmt"/>
      <line num="51" count="19" type="stmt"/>
      <line num="58" count="19" type="stmt"/>
      <line num="59" count="19" type="stmt"/>
      <line num="63" count="19" type="stmt"/>
      <line num="99" count="19" type="stmt"/>
      <line num="101" count="19" type="stmt"/>
      <line num="108" count="37" type="cond" truecount="2" falsecount="0"/>
      <line num="109" count="18" type="stmt"/>
      <line num="110" count="18" type="stmt"/>
      <line num="128" count="13" type="stmt"/>
      <line num="129" count="13" type="stmt"/>
      <line num="133" count="13" type="stmt"/>
      <line num="145" count="2" type="stmt"/>
      <line num="146" count="2" type="stmt"/>
      <line num="149" count="2" type="stmt"/>
      <line num="150" count="2" type="cond" truecount="2" falsecount="0"/>
      <line num="151" count="1" type="stmt"/>
      <line num="153" count="1" type="stmt"/>
      <line num="163" count="4" type="stmt"/>
      <line num="164" count="4" type="stmt"/>
      <line num="167" count="4" type="stmt"/>
      <line num="177" count="1" type="stmt"/>
      <line num="178" count="1" type="stmt"/>
      <line num="181" count="1" type="stmt"/>
      <line num="200" count="110" type="stmt"/>
      <line num="201" count="110" type="stmt"/>
      <line num="205" count="110" type="stmt"/>
      <line num="216" count="3" type="stmt"/>
      <line num="217" count="3" type="stmt"/>
      <line num="223" count="3" type="stmt"/>
      <line num="233" count="8" type="stmt"/>
      <line num="234" count="8" type="stmt"/>
      <line num="240" count="8" type="stmt"/>
      <line num="250" count="18" type="stmt"/>
      <line num="251" count="18" type="stmt"/>
      <line num="254" count="18" type="stmt"/>
      <line num="273" count="12" type="stmt"/>
      <line num="274" count="12" type="stmt"/>
      <line num="284" count="12" type="stmt"/>
      <line num="293" count="21" type="stmt"/>
      <line num="294" count="21" type="stmt"/>
      <line num="297" count="21" type="stmt"/>
      <line num="306" count="5" type="stmt"/>
      <line num="307" count="5" type="stmt"/>
      <line num="310" count="5" type="stmt"/>
      <line num="323" count="4" type="stmt"/>
      <line num="325" count="4" type="stmt"/>
    </file>
    <file name="ingestion.js" path="/home/lucky/stuff/to-del/LLM2Deck/src/ingestion.js">
      <metrics statements="84" coveredstatements="84" conditionals="42" coveredconditionals="42" methods="10" coveredmethods="10"/>
      <line num="16" count="70" type="cond" truecount="2" falsecount="0"/>
      <line num="19" count="68" type="stmt"/>
      <line num="22" count="68" type="stmt"/>
      <line num="26" count="68" type="stmt"/>
      <line num="27" count="134" type="stmt"/>
      <line num="28" count="129" type="stmt"/>
      <line num="40" count="26" type="stmt"/>
      <line num="41" count="26" type="stmt"/>
      <line num="47" count="23" type="stmt"/>
      <line num="48" count="23" type="stmt"/>
      <line num="49" count="23" type="stmt"/>
      <line num="54" count="2" type="stmt"/>
      <line num="55" count="2" type="stmt"/>
      <line num="56" count="2" type="stmt"/>
      <line num="58" count="1" type="stmt"/>
      <line num="59" count="1" type="stmt"/>
      <line num="64" count="3" type="stmt"/>
      <line num="65" count="3" type="stmt"/>
      <line num="78" count="26" type="stmt"/>
      <line num="79" count="26" type="stmt"/>
      <line num="80" count="26" type="stmt"/>
      <line num="84" count="25" type="stmt"/>
      <line num="86" count="35" type="cond" truecount="2" falsecount="0"/>
      <line num="87" count="2" type="stmt"/>
      <line num="90" count="33" type="stmt"/>
      <line num="91" count="33" type="cond" truecount="2" falsecount="0"/>
      <line num="92" count="13" type="stmt"/>
      <line num="93" count="20" type="cond" truecount="2" falsecount="0"/>
      <line num="94" count="19" type="stmt"/>
      <line num="95" count="19" type="cond" truecount="2" falsecount="0"/>
      <line num="96" count="18" type="stmt"/>
      <line num="99" count="2" type="stmt"/>
      <line num="102" count="25" type="stmt"/>
      <line num="103" count="25" type="stmt"/>
      <line num="105" count="1" type="stmt"/>
      <line num="107" count="26" type="stmt"/>
      <line num="118" count="15" type="stmt"/>
      <line num="121" count="15" type="stmt"/>
      <line num="122" count="14" type="cond" truecount="2" falsecount="0"/>
      <line num="123" count="1" type="stmt"/>
      <line num="126" count="13" type="stmt"/>
      <line num="127" count="13" type="stmt"/>
      <line num="129" count="13" type="stmt"/>
      <line num="130" count="13" type="stmt"/>
      <line num="132" count="13" type="stmt"/>
      <line num="133" count="18" type="stmt"/>
      <line num="136" count="18" type="cond" truecount="4" falsecount="0"/>
      <line num="137" count="2" type="stmt"/>
      <line num="141" count="16" type="stmt"/>
      <line num="142" count="16" type="stmt"/>
      <line num="147" count="16" type="stmt"/>
      <line num="148" count="16" type="stmt"/>
      <line num="149" count="16" type="stmt"/>
      <line num="152" count="16" type="stmt"/>
      <line num="153" count="16" type="stmt"/>
      <line num="154" count="44" type="stmt"/>
      <line num="155" count="44" type="cond" truecount="2" falsecount="0"/>
      <line num="156" count="16" type="stmt"/>
      <line num="158" count="44" type="stmt"/>
      <line num="161" count="16" type="stmt"/>
      <line num="163" count="16" type="stmt"/>
      <line num="170" count="13" type="stmt"/>
      <line num="180" count="19" type="stmt"/>
      <line num="181" count="19" type="stmt"/>
      <line num="182" count="19" type="cond" truecount="4" falsecount="0"/>
      <line num="183" count="4" type="stmt"/>
      <line num="185" count="14" type="cond" truecount="4" falsecount="0"/>
      <line num="186" count="1" type="stmt"/>
      <line num="188" count="13" type="cond" truecount="2" falsecount="0"/>
      <line num="189" count="1" type="stmt"/>
      <line num="192" count="12" type="stmt"/>
      <line num="193" count="12" type="cond" truecount="4" falsecount="0"/>
      <line num="194" count="2" type="stmt"/>
      <line num="196" count="10" type="cond" truecount="4" falsecount="0"/>
      <line num="197" count="1" type="stmt"/>
      <line num="199" count="9" type="cond" truecount="2" falsecount="0"/>
      <line num="200" count="2" type="stmt"/>
      <line num="202" count="7" type="stmt"/>
      <line num="203" count="7" type="cond" truecount="4" falsecount="0"/>
      <line num="204" count="2" type="stmt"/>
      <line num="209" count="5" type="stmt"/>
      <line num="211" count="14" type="stmt"/>
      <line num="222" count="2" type="stmt"/>
      <line num="223" count="1" type="stmt"/>
    </file>
    <file name="providers.js" path="/home/lucky/stuff/to-del/LLM2Deck/src/providers.js">
      <metrics statements="103" coveredstatements="97" conditionals="84" coveredconditionals="64" methods="14" coveredmethods="14"/>
      <line num="7" count="1" type="stmt"/>
      <line num="13" count="16" type="stmt"/>
      <line num="31" count="16" type="stmt"/>
      <line num="38" count="16" type="stmt"/>
      <line num="48" count="10" type="stmt"/>
      <line num="49" count="10" type="stmt"/>
      <line num="59" count="14" type="stmt"/>
      <line num="60" count="14" type="stmt"/>
      <line num="61" count="14" type="cond" truecount="2" falsecount="0"/>
      <line num="64" count="0" type="stmt"/>
      <line num="81" count="10" type="stmt"/>
      <line num="82" count="10" type="stmt"/>
      <line num="98" count="9" type="stmt"/>
      <line num="99" count="9" type="cond" truecount="1" falsecount="1"/>
      <line num="101" count="9" type="stmt"/>
      <line num="102" count="27" type="cond" truecount="1" falsecount="1"/>
      <line num="103" count="27" type="stmt"/>
      <line num="104" count="27" type="cond" truecount="2" falsecount="0"/>
      <line num="107" count="27" type="stmt"/>
      <line num="108" count="27" type="cond" truecount="2" falsecount="0"/>
      <line num="109" count="18" type="stmt"/>
      <line num="110" count="18" type="cond" truecount="3" falsecount="1"/>
      <line num="111" count="18" type="stmt"/>
      <line num="112" count="18" type="stmt"/>
      <line num="113" count="0" type="cond" truecount="0" falsecount="4"/>
      <line num="114" count="0" type="stmt"/>
      <line num="118" count="27" type="stmt"/>
      <line num="124" count="27" type="stmt"/>
      <line num="127" count="9" type="stmt"/>
      <line num="138" count="10" type="cond" truecount="1" falsecount="1"/>
      <line num="139" count="10" type="cond" truecount="2" falsecount="0"/>
      <line num="141" count="10" type="stmt"/>
      <line num="142" count="10" type="stmt"/>
      <line num="144" count="23" type="stmt"/>
      <line num="145" count="23" type="stmt"/>
      <line num="146" count="23" type="cond" truecount="1" falsecount="1"/>
      <line num="147" count="23" type="stmt"/>
      <line num="148" count="23" type="stmt"/>
      <line num="149" count="23" type="stmt"/>
      <line num="151" count="23" type="cond" truecount="2" falsecount="0"/>
      <line num="152" count="9" type="stmt"/>
      <line num="153" count="9" type="stmt"/>
      <line num="155" count="14" type="stmt"/>
      <line num="158" count="23" type="stmt"/>
      <line num="170" count="7" type="cond" truecount="2" falsecount="0"/>
      <line num="171" count="2" type="stmt"/>
      <line num="173" count="5" type="stmt"/>
      <line num="174" count="5" type="cond" truecount="4" falsecount="0"/>
      <line num="175" count="3" type="stmt"/>
      <line num="177" count="2" type="stmt"/>
      <line num="178" count="2" type="stmt"/>
      <line num="179" count="2" type="stmt"/>
      <line num="211" count="11" type="stmt"/>
      <line num="214" count="11" type="stmt"/>
      <line num="215" count="11" type="cond" truecount="2" falsecount="0"/>
      <line num="216" count="1" type="stmt"/>
      <line num="219" count="10" type="stmt"/>
      <line num="220" count="10" type="cond" truecount="1" falsecount="1"/>
      <line num="221" count="0" type="stmt"/>
      <line num="224" count="10" type="cond" truecount="1" falsecount="1"/>
      <line num="225" count="11" type="stmt"/>
      <line num="226" count="11" type="cond" truecount="2" falsecount="0"/>
      <line num="227" count="10" type="cond" truecount="1" falsecount="1"/>
      <line num="233" count="10" type="stmt"/>
      <line num="239" count="10" type="cond" truecount="2" falsecount="0"/>
      <line num="240" count="1" type="stmt"/>
      <line num="247" count="10" type="stmt"/>
      <line num="248" count="10" type="stmt"/>
      <line num="249" count="10" type="cond" truecount="3" falsecount="1"/>
      <line num="250" count="10" type="cond" truecount="3" falsecount="1"/>
      <line num="251" count="10" type="cond" truecount="2" falsecount="0"/>
      <line num="252" count="10" type="stmt"/>
      <line num="253" count="10" type="stmt"/>
      <line num="254" count="0" type="cond" truecount="0" falsecount="4"/>
      <line num="255" count="0" type="stmt"/>
      <line num="259" count="10" type="cond" truecount="1" falsecount="1"/>
      <line num="260" count="11" type="cond" truecount="2" falsecount="0"/>
      <line num="261" count="10" type="stmt"/>
      <line num="265" count="10" type="stmt"/>
      <line num="266" count="10" type="stmt"/>
      <line num="267" count="10" type="stmt"/>
      <line num="269" count="10" type="stmt"/>
      <line num="270" count="15" type="stmt"/>
      <line num="271" count="15" type="stmt"/>
      <line num="272" count="15" type="stmt"/>
      <line num="274" count="9" type="stmt"/>
      <line num="276" count="15" type="cond" truecount="5" falsecount="0"/>
      <line num="277" count="1" type="stmt"/>
      <line num="281" count="8" type="stmt"/>
      <line num="282" count="8" type="stmt"/>
      <line num="286" count="8" type="stmt"/>
      <line num="288" count="7" type="stmt"/>
      <line num="289" count="7" type="cond" truecount="2" falsecount="0"/>
      <line num="290" count="1" type="stmt"/>
      <line num="295" count="6" type="stmt"/>
      <line num="296" count="6" type="cond" truecount="2" falsecount="0"/>
      <line num="297" count="5" type="cond" truecount="4" falsecount="0"/>
      <line num="298" count="4" type="stmt"/>
      <line num="301" count="1" type="stmt"/>
      <line num="304" count="6" type="cond" truecount="2" falsecount="0"/>
      <line num="305" count="1" type="stmt"/>
      <line num="308" count="5" type="stmt"/>
      <line num="309" count="5" type="stmt"/>
    </file>
  </project>
</coverage>
