<?xml version="1.0" encoding="UTF-8"?>
<coverage generated="1780029541777" clover="3.2.0">
  <project timestamp="1780029541777" name="All files">
    <metrics statements="221" coveredstatements="213" conditionals="140" coveredconditionals="128" methods="31" coveredmethods="30" elements="392" coveredelements="371" complexity="0" loc="221" ncloc="221" packages="1" files="3" classes="3"/>
    <file name="config.js" path="/home/lucky/stuff/to-del/LLM2Deck/src/config.js">
      <metrics statements="79" coveredstatements="77" conditionals="88" coveredconditionals="79" methods="6" coveredmethods="5"/>
      <line num="4" count="1" type="stmt"/>
      <line num="26" count="14" type="stmt"/>
      <line num="27" count="14" type="stmt"/>
      <line num="30" count="14" type="stmt"/>
      <line num="31" count="14" type="cond" truecount="2" falsecount="0"/>
      <line num="32" count="13" type="stmt"/>
      <line num="33" count="13" type="stmt"/>
      <line num="34" count="13" type="cond" truecount="4" falsecount="0"/>
      <line num="35" count="1" type="stmt"/>
      <line num="36" count="1" type="stmt"/>
      <line num="39" count="1" type="stmt"/>
      <line num="40" count="1" type="stmt"/>
      <line num="43" count="1" type="stmt"/>
      <line num="44" count="1" type="stmt"/>
      <line num="48" count="14" type="cond" truecount="1" falsecount="1"/>
      <line num="51" count="14" type="cond" truecount="2" falsecount="1"/>
      <line num="54" count="14" type="stmt"/>
      <line num="55" count="14" type="stmt"/>
      <line num="56" count="14" type="cond" truecount="2" falsecount="0"/>
      <line num="57" count="13" type="stmt"/>
      <line num="58" count="13" type="stmt"/>
      <line num="59" count="13" type="cond" truecount="4" falsecount="0"/>
      <line num="60" count="10" type="stmt"/>
      <line num="62" count="2" type="stmt"/>
      <line num="65" count="1" type="stmt"/>
      <line num="68" count="1" type="stmt"/>
      <line num="72" count="14" type="cond" truecount="1" falsecount="1"/>
      <line num="75" count="14" type="stmt"/>
      <line num="76" count="9" type="cond" truecount="2" falsecount="0"/>
      <line num="77" count="1" type="stmt"/>
      <line num="79" count="8" type="stmt"/>
      <line num="80" count="8" type="stmt"/>
      <line num="81" count="8" type="cond" truecount="2" falsecount="0"/>
      <line num="82" count="8" type="cond" truecount="2" falsecount="0"/>
      <line num="83" count="2" type="cond" truecount="2" falsecount="0"/>
      <line num="84" count="1" type="stmt"/>
      <line num="87" count="8" type="cond" truecount="2" falsecount="0"/>
      <line num="88" count="2" type="stmt"/>
      <line num="93" count="12" type="cond" truecount="3" falsecount="1"/>
      <line num="94" count="0" type="stmt"/>
      <line num="97" count="12" type="stmt"/>
      <line num="109" count="14" type="stmt"/>
      <line num="110" count="14" type="cond" truecount="3" falsecount="1"/>
      <line num="113" count="45" type="cond" truecount="2" falsecount="0"/>
      <line num="114" count="13" type="cond" truecount="5" falsecount="0"/>
      <line num="115" count="11" type="stmt"/>
      <line num="116" count="11" type="cond" truecount="4" falsecount="0"/>
      <line num="117" count="1" type="stmt"/>
      <line num="119" count="10" type="stmt"/>
      <line num="120" count="10" type="stmt"/>
      <line num="121" count="10" type="cond" truecount="3" falsecount="1"/>
      <line num="122" count="0" type="stmt"/>
      <line num="124" count="10" type="cond" truecount="2" falsecount="0"/>
      <line num="125" count="1" type="stmt"/>
      <line num="127" count="9" type="stmt"/>
      <line num="129" count="32" type="cond" truecount="2" falsecount="0"/>
      <line num="130" count="7" type="stmt"/>
      <line num="131" count="8" type="stmt"/>
      <line num="133" count="25" type="cond" truecount="3" falsecount="1"/>
      <line num="134" count="25" type="stmt"/>
      <line num="135" count="23" type="stmt"/>
      <line num="140" count="14" type="stmt"/>
      <line num="141" count="14" type="stmt"/>
      <line num="153" count="42" type="cond" truecount="3" falsecount="1"/>
      <line num="154" count="42" type="cond" truecount="3" falsecount="1"/>
      <line num="156" count="42" type="stmt"/>
      <line num="157" count="42" type="stmt"/>
      <line num="158" count="63" type="cond" truecount="5" falsecount="0"/>
      <line num="159" count="3" type="stmt"/>
      <line num="162" count="60" type="stmt"/>
      <line num="163" count="60" type="stmt"/>
      <line num="165" count="60" type="cond" truecount="4" falsecount="0"/>
      <line num="166" count="2" type="stmt"/>
      <line num="169" count="58" type="cond" truecount="2" falsecount="0"/>
      <line num="170" count="1" type="stmt"/>
      <line num="171" count="57" type="cond" truecount="6" falsecount="0"/>
      <line num="172" count="25" type="stmt"/>
      <line num="174" count="32" type="stmt"/>
      <line num="177" count="42" type="stmt"/>
    </file>
    <file name="database.js" path="/home/lucky/stuff/to-del/LLM2Deck/src/database.js">
      <metrics statements="58" coveredstatements="58" conditionals="10" coveredconditionals="10" methods="15" coveredmethods="15"/>
      <line num="9" count="1" type="stmt"/>
      <line num="17" count="159" type="cond" truecount="2" falsecount="0"/>
      <line num="18" count="1" type="stmt"/>
      <line num="20" count="158" type="stmt"/>
      <line num="36" count="18" type="cond" truecount="2" falsecount="0"/>
      <line num="37" count="1" type="stmt"/>
      <line num="38" count="1" type="stmt"/>
      <line num="42" count="1" type="stmt"/>
      <line num="46" count="18" type="stmt"/>
      <line num="47" count="18" type="cond" truecount="2" falsecount="0"/>
      <line num="48" count="1" type="stmt"/>
      <line num="51" count="18" type="stmt"/>
      <line num="57" count="18" type="stmt"/>
      <line num="58" count="18" type="stmt"/>
      <line num="62" count="18" type="stmt"/>
      <line num="98" count="18" type="stmt"/>
      <line num="100" count="18" type="stmt"/>
      <line num="107" count="36" type="cond" truecount="2" falsecount="0"/>
      <line num="108" count="17" type="stmt"/>
      <line num="109" count="17" type="stmt"/>
      <line num="125" count="13" type="stmt"/>
      <line num="126" count="13" type="stmt"/>
      <line num="130" count="13" type="stmt"/>
      <line num="142" count="2" type="stmt"/>
      <line num="143" count="2" type="stmt"/>
      <line num="146" count="2" type="stmt"/>
      <line num="147" count="2" type="cond" truecount="2" falsecount="0"/>
      <line num="148" count="1" type="stmt"/>
      <line num="150" count="1" type="stmt"/>
      <line num="160" count="4" type="stmt"/>
      <line num="161" count="4" type="stmt"/>
      <line num="164" count="4" type="stmt"/>
      <line num="174" count="1" type="stmt"/>
      <line num="175" count="1" type="stmt"/>
      <line num="178" count="1" type="stmt"/>
      <line num="195" count="110" type="stmt"/>
      <line num="196" count="110" type="stmt"/>
      <line num="200" count="110" type="stmt"/>
      <line num="211" count="3" type="stmt"/>
      <line num="212" count="3" type="stmt"/>
      <line num="218" count="3" type="stmt"/>
      <line num="228" count="8" type="stmt"/>
      <line num="229" count="8" type="stmt"/>
      <line num="235" count="8" type="stmt"/>
      <line num="245" count="4" type="stmt"/>
      <line num="246" count="4" type="stmt"/>
      <line num="249" count="4" type="stmt"/>
      <line num="266" count="2" type="stmt"/>
      <line num="267" count="2" type="stmt"/>
      <line num="277" count="2" type="stmt"/>
      <line num="286" count="1" type="stmt"/>
      <line num="287" count="1" type="stmt"/>
      <line num="290" count="1" type="stmt"/>
      <line num="299" count="4" type="stmt"/>
      <line num="300" count="4" type="stmt"/>
      <line num="303" count="4" type="stmt"/>
      <line num="316" count="4" type="stmt"/>
      <line num="318" count="4" type="stmt"/>
    </file>
    <file name="ingestion.js" path="/home/lucky/stuff/to-del/LLM2Deck/src/ingestion.js">
      <metrics statements="84" coveredstatements="78" conditionals="42" coveredconditionals="39" methods="10" coveredmethods="10"/>
      <line num="16" count="61" type="cond" truecount="2" falsecount="0"/>
      <line num="19" count="59" type="stmt"/>
      <line num="22" count="59" type="stmt"/>
      <line num="26" count="59" type="stmt"/>
      <line num="27" count="118" type="stmt"/>
      <line num="28" count="113" type="stmt"/>
      <line num="40" count="19" type="stmt"/>
      <line num="41" count="19" type="stmt"/>
      <line num="47" count="17" type="stmt"/>
      <line num="48" count="17" type="stmt"/>
      <line num="49" count="17" type="stmt"/>
      <line num="54" count="1" type="stmt"/>
      <line num="55" count="1" type="stmt"/>
      <line num="56" count="1" type="stmt"/>
      <line num="58" count="0" type="stmt"/>
      <line num="59" count="0" type="stmt"/>
      <line num="64" count="2" type="stmt"/>
      <line num="65" count="2" type="stmt"/>
      <line num="78" count="20" type="stmt"/>
      <line num="79" count="20" type="stmt"/>
      <line num="80" count="20" type="stmt"/>
      <line num="83" count="20" type="stmt"/>
      <line num="85" count="28" type="cond" truecount="2" falsecount="0"/>
      <line num="86" count="2" type="stmt"/>
      <line num="89" count="26" type="stmt"/>
      <line num="90" count="26" type="cond" truecount="2" falsecount="0"/>
      <line num="91" count="11" type="stmt"/>
      <line num="92" count="15" type="cond" truecount="2" falsecount="0"/>
      <line num="93" count="14" type="stmt"/>
      <line num="94" count="14" type="cond" truecount="2" falsecount="0"/>
      <line num="95" count="13" type="stmt"/>
      <line num="98" count="2" type="stmt"/>
      <line num="101" count="20" type="stmt"/>
      <line num="102" count="20" type="stmt"/>
      <line num="104" count="0" type="stmt"/>
      <line num="106" count="20" type="stmt"/>
      <line num="117" count="10" type="stmt"/>
      <line num="120" count="10" type="stmt"/>
      <line num="121" count="10" type="cond" truecount="2" falsecount="0"/>
      <line num="122" count="1" type="stmt"/>
      <line num="125" count="9" type="stmt"/>
      <line num="126" count="9" type="stmt"/>
      <line num="128" count="9" type="stmt"/>
      <line num="129" count="9" type="stmt"/>
      <line num="131" count="9" type="stmt"/>
      <line num="132" count="13" type="stmt"/>
      <line num="135" count="13" type="cond" truecount="4" falsecount="0"/>
      <line num="136" count="1" type="stmt"/>
      <line num="140" count="12" type="stmt"/>
      <line num="141" count="12" type="stmt"/>
      <line num="145" count="12" type="stmt"/>
      <line num="146" count="12" type="stmt"/>
      <line num="147" count="12" type="stmt"/>
      <line num="150" count="12" type="stmt"/>
      <line num="151" count="12" type="stmt"/>
      <line num="152" count="35" type="stmt"/>
      <line num="153" count="35" type="cond" truecount="2" falsecount="0"/>
      <line num="154" count="12" type="stmt"/>
      <line num="156" count="35" type="stmt"/>
      <line num="159" count="12" type="stmt"/>
      <line num="161" count="12" type="stmt"/>
      <line num="168" count="9" type="stmt"/>
      <line num="178" count="10" type="stmt"/>
      <line num="179" count="10" type="stmt"/>
      <line num="180" count="10" type="cond" truecount="3" falsecount="1"/>
      <line num="181" count="0" type="stmt"/>
      <line num="183" count="9" type="cond" truecount="4" falsecount="0"/>
      <line num="184" count="1" type="stmt"/>
      <line num="186" count="8" type="cond" truecount="2" falsecount="0"/>
      <line num="187" count="1" type="stmt"/>
      <line num="190" count="7" type="stmt"/>
      <line num="191" count="7" type="cond" truecount="3" falsecount="1"/>
      <line num="192" count="0" type="stmt"/>
      <line num="194" count="7" type="cond" truecount="4" falsecount="0"/>
      <line num="195" count="1" type="stmt"/>
      <line num="197" count="6" type="cond" truecount="1" falsecount="1"/>
      <line num="198" count="0" type="stmt"/>
      <line num="200" count="6" type="stmt"/>
      <line num="201" count="6" type="cond" truecount="4" falsecount="0"/>
      <line num="202" count="1" type="stmt"/>
      <line num="207" count="5" type="stmt"/>
      <line num="209" count="5" type="stmt"/>
      <line num="220" count="1" type="stmt"/>
      <line num="221" count="1" type="stmt"/>
    </file>
  </project>
</coverage>
