{"/home/lucky/stuff/to-del/LLM2Deck/src/config.js": {"path":"/home/lucky/stuff/to-del/LLM2Deck/src/config.js","statementMap":{"0":{"start":{"line":4,"column":17},"end":{"line":15,"column":null}},"1":{"start":{"line":26,"column":19},"end":{"line":26,"column":null}},"2":{"start":{"line":27,"column":21},"end":{"line":27,"column":null}},"3":{"start":{"line":30,"column":2},"end":{"line":45,"column":null}},"4":{"start":{"line":31,"column":4},"end":{"line":41,"column":null}},"5":{"start":{"line":32,"column":26},"end":{"line":32,"column":null}},"6":{"start":{"line":33,"column":6},"end":{"line":33,"column":null}},"7":{"start":{"line":34,"column":6},"end":{"line":37,"column":null}},"8":{"start":{"line":35,"column":8},"end":{"line":35,"column":null}},"9":{"start":{"line":36,"column":8},"end":{"line":36,"column":null}},"10":{"start":{"line":39,"column":6},"end":{"line":39,"column":null}},"11":{"start":{"line":40,"column":6},"end":{"line":40,"column":null}},"12":{"start":{"line":43,"column":4},"end":{"line":43,"column":null}},"13":{"start":{"line":44,"column":4},"end":{"line":44,"column":null}},"14":{"start":{"line":56,"column":13},"end":{"line":56,"column":null}},"15":{"start":{"line":57,"column":2},"end":{"line":71,"column":null}},"16":{"start":{"line":58,"column":4},"end":{"line":68,"column":null}},"17":{"start":{"line":59,"column":26},"end":{"line":59,"column":null}},"18":{"start":{"line":60,"column":25},"end":{"line":60,"column":null}},"19":{"start":{"line":61,"column":6},"end":{"line":65,"column":null}},"20":{"start":{"line":62,"column":8},"end":{"line":62,"column":null}},"21":{"start":{"line":64,"column":8},"end":{"line":64,"column":null}},"22":{"start":{"line":67,"column":6},"end":{"line":67,"column":null}},"23":{"start":{"line":70,"column":4},"end":{"line":70,"column":null}},"24":{"start":{"line":78,"column":2},"end":{"line":93,"column":null}},"25":{"start":{"line":79,"column":4},"end":{"line":81,"column":null}},"26":{"start":{"line":80,"column":6},"end":{"line":80,"column":null}},"27":{"start":{"line":82,"column":25},"end":{"line":82,"column":null}},"28":{"start":{"line":83,"column":17},"end":{"line":83,"column":null}},"29":{"start":{"line":84,"column":4},"end":{"line":88,"column":null}},"30":{"start":{"line":85,"column":6},"end":{"line":85,"column":null}},"31":{"start":{"line":85,"column":38},"end":{"line":85,"column":82}},"32":{"start":{"line":86,"column":11},"end":{"line":88,"column":null}},"33":{"start":{"line":87,"column":6},"end":{"line":87,"column":null}},"34":{"start":{"line":90,"column":4},"end":{"line":92,"column":null}},"35":{"start":{"line":91,"column":6},"end":{"line":91,"column":null}},"36":{"start":{"line":96,"column":2},"end":{"line":98,"column":null}},"37":{"start":{"line":97,"column":4},"end":{"line":97,"column":null}},"38":{"start":{"line":97,"column":26},"end":{"line":97,"column":63}},"39":{"start":{"line":100,"column":2},"end":{"line":100,"column":null}},"40":{"start":{"line":112,"column":20},"end":{"line":112,"column":null}},"41":{"start":{"line":117,"column":4},"end":{"line":142,"column":null}},"42":{"start":{"line":118,"column":6},"end":{"line":133,"column":null}},"43":{"start":{"line":119,"column":30},"end":{"line":119,"column":null}},"44":{"start":{"line":120,"column":8},"end":{"line":122,"column":null}},"45":{"start":{"line":121,"column":10},"end":{"line":121,"column":null}},"46":{"start":{"line":123,"column":25},"end":{"line":123,"column":null}},"47":{"start":{"line":124,"column":22},"end":{"line":124,"column":null}},"48":{"start":{"line":129,"column":8},"end":{"line":131,"column":null}},"49":{"start":{"line":130,"column":10},"end":{"line":130,"column":null}},"50":{"start":{"line":132,"column":8},"end":{"line":132,"column":null}},"51":{"start":{"line":134,"column":11},"end":{"line":142,"column":null}},"52":{"start":{"line":135,"column":6},"end":{"line":137,"column":null}},"53":{"start":{"line":136,"column":8},"end":{"line":136,"column":null}},"54":{"start":{"line":138,"column":11},"end":{"line":142,"column":null}},"55":{"start":{"line":139,"column":6},"end":{"line":141,"column":null}},"56":{"start":{"line":140,"column":8},"end":{"line":140,"column":null}},"57":{"start":{"line":145,"column":2},"end":{"line":145,"column":null}},"58":{"start":{"line":146,"column":2},"end":{"line":146,"column":null}},"59":{"start":{"line":158,"column":2},"end":{"line":158,"column":null}},"60":{"start":{"line":158,"column":45},"end":{"line":158,"column":null}},"61":{"start":{"line":159,"column":2},"end":{"line":159,"column":null}},"62":{"start":{"line":159,"column":45},"end":{"line":159,"column":null}},"63":{"start":{"line":161,"column":17},"end":{"line":161,"column":null}},"64":{"start":{"line":162,"column":2},"end":{"line":181,"column":null}},"65":{"start":{"line":163,"column":4},"end":{"line":165,"column":null}},"66":{"start":{"line":164,"column":6},"end":{"line":164,"column":null}},"67":{"start":{"line":167,"column":22},"end":{"line":167,"column":null}},"68":{"start":{"line":168,"column":22},"end":{"line":168,"column":null}},"69":{"start":{"line":170,"column":4},"end":{"line":172,"column":null}},"70":{"start":{"line":171,"column":6},"end":{"line":171,"column":null}},"71":{"start":{"line":174,"column":4},"end":{"line":180,"column":null}},"72":{"start":{"line":175,"column":6},"end":{"line":175,"column":null}},"73":{"start":{"line":176,"column":11},"end":{"line":180,"column":null}},"74":{"start":{"line":177,"column":6},"end":{"line":177,"column":null}},"75":{"start":{"line":179,"column":6},"end":{"line":179,"column":null}},"76":{"start":{"line":182,"column":2},"end":{"line":182,"column":null}}},"fnMap":{"0":{"name":"loadConfig","decl":{"start":{"line":25,"column":16},"end":{"line":25,"column":27}},"loc":{"start":{"line":25,"column":74},"end":{"line":101,"column":null}},"line":25},"1":{"name":"(anonymous_1)","decl":{"start":{"line":85,"column":28},"end":{"line":85,"column":33}},"loc":{"start":{"line":85,"column":38},"end":{"line":85,"column":82}},"line":85},"2":{"name":"(anonymous_2)","decl":{"start":{"line":97,"column":13},"end":{"line":97,"column":21}},"loc":{"start":{"line":97,"column":26},"end":{"line":97,"column":63}},"line":97},"3":{"name":"extractActiveProviders","decl":{"start":{"line":111,"column":9},"end":{"line":111,"column":32}},"loc":{"start":{"line":111,"column":66},"end":{"line":147,"column":null}},"line":111},"4":{"name":"traverse","decl":{"start":{"line":116,"column":11},"end":{"line":116,"column":20}},"loc":{"start":{"line":116,"column":38},"end":{"line":143,"column":null}},"line":116},"5":{"name":"deepMerge","decl":{"start":{"line":157,"column":16},"end":{"line":157,"column":26}},"loc":{"start":{"line":157,"column":42},"end":{"line":183,"column":null}},"line":157}},"branchMap":{"0":{"loc":{"start":{"line":25,"column":27},"end":{"line":25,"column":57}},"type":"default-arg","locations":[{"start":{"line":25,"column":40},"end":{"line":25,"column":57}}],"line":25},"1":{"loc":{"start":{"line":25,"column":57},"end":{"line":25,"column":74}},"type":"default-arg","locations":[{"start":{"line":25,"column":68},"end":{"line":25,"column":74}}],"line":25},"2":{"loc":{"start":{"line":31,"column":4},"end":{"line":41,"column":null}},"type":"if","locations":[{"start":{"line":31,"column":4},"end":{"line":41,"column":null}},{"start":{"line":38,"column":11},"end":{"line":41,"column":null}}],"line":31},"3":{"loc":{"start":{"line":34,"column":6},"end":{"line":37,"column":null}},"type":"if","locations":[{"start":{"line":34,"column":6},"end":{"line":37,"column":null}},{"start":{},"end":{}}],"line":34},"4":{"loc":{"start":{"line":34,"column":10},"end":{"line":34,"column":61}},"type":"binary-expr","locations":[{"start":{"line":34,"column":10},"end":{"line":34,"column":27}},{"start":{"line":34,"column":27},"end":{"line":34,"column":61}}],"line":34},"5":{"loc":{"start":{"line":58,"column":4},"end":{"line":68,"column":null}},"type":"if","locations":[{"start":{"line":58,"column":4},"end":{"line":68,"column":null}},{"start":{"line":66,"column":11},"end":{"line":68,"column":null}}],"line":58},"6":{"loc":{"start":{"line":61,"column":6},"end":{"line":65,"column":null}},"type":"if","locations":[{"start":{"line":61,"column":6},"end":{"line":65,"column":null}},{"start":{"line":63,"column":13},"end":{"line":65,"column":null}}],"line":61},"7":{"loc":{"start":{"line":61,"column":10},"end":{"line":61,"column":56}},"type":"binary-expr","locations":[{"start":{"line":61,"column":10},"end":{"line":61,"column":24}},{"start":{"line":61,"column":24},"end":{"line":61,"column":56}}],"line":61},"8":{"loc":{"start":{"line":79,"column":4},"end":{"line":81,"column":null}},"type":"if","locations":[{"start":{"line":79,"column":4},"end":{"line":81,"column":null}},{"start":{},"end":{}}],"line":79},"9":{"loc":{"start":{"line":84,"column":4},"end":{"line":88,"column":null}},"type":"if","locations":[{"start":{"line":84,"column":4},"end":{"line":88,"column":null}},{"start":{"line":86,"column":11},"end":{"line":88,"column":null}}],"line":84},"10":{"loc":{"start":{"line":85,"column":38},"end":{"line":85,"column":82}},"type":"binary-expr","locations":[{"start":{"line":85,"column":38},"end":{"line":85,"column":63}},{"start":{"line":85,"column":63},"end":{"line":85,"column":82}}],"line":85},"11":{"loc":{"start":{"line":86,"column":11},"end":{"line":88,"column":null}},"type":"if","locations":[{"start":{"line":86,"column":11},"end":{"line":88,"column":null}},{"start":{},"end":{}}],"line":86},"12":{"loc":{"start":{"line":90,"column":4},"end":{"line":92,"column":null}},"type":"if","locations":[{"start":{"line":90,"column":4},"end":{"line":92,"column":null}},{"start":{},"end":{}}],"line":90},"13":{"loc":{"start":{"line":96,"column":2},"end":{"line":98,"column":null}},"type":"if","locations":[{"start":{"line":96,"column":2},"end":{"line":98,"column":null}},{"start":{},"end":{}}],"line":96},"14":{"loc":{"start":{"line":96,"column":6},"end":{"line":96,"column":62}},"type":"binary-expr","locations":[{"start":{"line":96,"column":6},"end":{"line":96,"column":54}},{"start":{"line":96,"column":24},"end":{"line":96,"column":62}}],"line":96},"15":{"loc":{"start":{"line":111,"column":42},"end":{"line":111,"column":66}},"type":"default-arg","locations":[{"start":{"line":111,"column":62},"end":{"line":111,"column":66}}],"line":111},"16":{"loc":{"start":{"line":117,"column":4},"end":{"line":142,"column":null}},"type":"if","locations":[{"start":{"line":117,"column":4},"end":{"line":142,"column":null}},{"start":{"line":134,"column":11},"end":{"line":142,"column":null}}],"line":117},"17":{"loc":{"start":{"line":118,"column":6},"end":{"line":133,"column":null}},"type":"if","locations":[{"start":{"line":118,"column":6},"end":{"line":133,"column":null}},{"start":{},"end":{}}],"line":118},"18":{"loc":{"start":{"line":118,"column":10},"end":{"line":118,"column":73}},"type":"binary-expr","locations":[{"start":{"line":118,"column":10},"end":{"line":118,"column":35}},{"start":{"line":118,"column":35},"end":{"line":118,"column":61}},{"start":{"line":118,"column":61},"end":{"line":118,"column":73}}],"line":118},"19":{"loc":{"start":{"line":120,"column":8},"end":{"line":122,"column":null}},"type":"if","locations":[{"start":{"line":120,"column":8},"end":{"line":122,"column":null}},{"start":{},"end":{}}],"line":120},"20":{"loc":{"start":{"line":120,"column":12},"end":{"line":120,"column":70}},"type":"binary-expr","locations":[{"start":{"line":120,"column":12},"end":{"line":120,"column":34}},{"start":{"line":120,"column":34},"end":{"line":120,"column":70}}],"line":120},"21":{"loc":{"start":{"line":129,"column":8},"end":{"line":131,"column":null}},"type":"if","locations":[{"start":{"line":129,"column":8},"end":{"line":131,"column":null}},{"start":{},"end":{}}],"line":129},"22":{"loc":{"start":{"line":134,"column":11},"end":{"line":142,"column":null}},"type":"if","locations":[{"start":{"line":134,"column":11},"end":{"line":142,"column":null}},{"start":{"line":138,"column":11},"end":{"line":142,"column":null}}],"line":134},"23":{"loc":{"start":{"line":138,"column":11},"end":{"line":142,"column":null}},"type":"if","locations":[{"start":{"line":138,"column":11},"end":{"line":142,"column":null}},{"start":{},"end":{}}],"line":138},"24":{"loc":{"start":{"line":138,"column":15},"end":{"line":138,"column":51}},"type":"binary-expr","locations":[{"start":{"line":138,"column":15},"end":{"line":138,"column":24}},{"start":{"line":138,"column":24},"end":{"line":138,"column":51}}],"line":138},"25":{"loc":{"start":{"line":158,"column":2},"end":{"line":158,"column":null}},"type":"if","locations":[{"start":{"line":158,"column":2},"end":{"line":158,"column":null}},{"start":{},"end":{}}],"line":158},"26":{"loc":{"start":{"line":158,"column":6},"end":{"line":158,"column":45}},"type":"binary-expr","locations":[{"start":{"line":158,"column":6},"end":{"line":158,"column":17}},{"start":{"line":158,"column":17},"end":{"line":158,"column":45}}],"line":158},"27":{"loc":{"start":{"line":159,"column":2},"end":{"line":159,"column":null}},"type":"if","locations":[{"start":{"line":159,"column":2},"end":{"line":159,"column":null}},{"start":{},"end":{}}],"line":159},"28":{"loc":{"start":{"line":159,"column":6},"end":{"line":159,"column":45}},"type":"binary-expr","locations":[{"start":{"line":159,"column":6},"end":{"line":159,"column":17}},{"start":{"line":159,"column":17},"end":{"line":159,"column":45}}],"line":159},"29":{"loc":{"start":{"line":163,"column":4},"end":{"line":165,"column":null}},"type":"if","locations":[{"start":{"line":163,"column":4},"end":{"line":165,"column":null}},{"start":{},"end":{}}],"line":163},"30":{"loc":{"start":{"line":163,"column":8},"end":{"line":163,"column":77}},"type":"binary-expr","locations":[{"start":{"line":163,"column":8},"end":{"line":163,"column":31}},{"start":{"line":163,"column":31},"end":{"line":163,"column":56}},{"start":{"line":163,"column":56},"end":{"line":163,"column":77}}],"line":163},"31":{"loc":{"start":{"line":170,"column":4},"end":{"line":172,"column":null}},"type":"if","locations":[{"start":{"line":170,"column":4},"end":{"line":172,"column":null}},{"start":{},"end":{}}],"line":170},"32":{"loc":{"start":{"line":170,"column":8},"end":{"line":170,"column":55}},"type":"binary-expr","locations":[{"start":{"line":170,"column":8},"end":{"line":170,"column":30}},{"start":{"line":170,"column":30},"end":{"line":170,"column":55}}],"line":170},"33":{"loc":{"start":{"line":174,"column":4},"end":{"line":180,"column":null}},"type":"if","locations":[{"start":{"line":174,"column":4},"end":{"line":180,"column":null}},{"start":{"line":176,"column":11},"end":{"line":180,"column":null}}],"line":174},"34":{"loc":{"start":{"line":176,"column":11},"end":{"line":180,"column":null}},"type":"if","locations":[{"start":{"line":176,"column":11},"end":{"line":180,"column":null}},{"start":{"line":178,"column":11},"end":{"line":180,"column":null}}],"line":176},"35":{"loc":{"start":{"line":176,"column":15},"end":{"line":176,"column":105}},"type":"binary-expr","locations":[{"start":{"line":176,"column":15},"end":{"line":176,"column":28}},{"start":{"line":176,"column":28},"end":{"line":176,"column":61}},{"start":{"line":176,"column":61},"end":{"line":176,"column":74}},{"start":{"line":176,"column":74},"end":{"line":176,"column":105}}],"line":176}},"s":{"0":1,"1":25,"2":25,"3":25,"4":25,"5":23,"6":23,"7":23,"8":3,"9":3,"10":2,"11":2,"12":1,"13":1,"14":25,"15":25,"16":25,"17":23,"18":23,"19":23,"20":14,"21":8,"22":2,"23":1,"24":25,"25":13,"26":1,"27":12,"28":12,"29":12,"30":8,"31":10,"32":4,"33":2,"34":12,"35":4,"36":21,"37":1,"38":2,"39":21,"40":25,"41":76,"42":21,"43":19,"44":19,"45":3,"46":16,"47":16,"48":16,"49":1,"50":15,"51":55,"52":8,"53":9,"54":47,"55":44,"56":42,"57":25,"58":25,"59":78,"60":5,"61":73,"62":5,"63":68,"64":68,"65":94,"66":3,"67":91,"68":91,"69":91,"70":2,"71":89,"72":1,"73":88,"74":39,"75":49,"76":68},"f":{"0":25,"1":10,"2":2,"3":25,"4":76,"5":78},"b":{"0":[25],"1":[25],"2":[23,2],"3":[3,20],"4":[23,21],"5":[23,2],"6":[14,8],"7":[23,15],"8":[1,12],"9":[8,4],"10":[10,10],"11":[2,2],"12":[4,8],"13":[1,20],"14":[21,13],"15":[25],"16":[21,55],"17":[19,2],"18":[21,11,2],"19":[3,16],"20":[19,17],"21":[1,15],"22":[8,47],"23":[44,3],"24":[47,47],"25":[5,73],"26":[78,75],"27":[5,68],"28":[73,70],"29":[3,91],"30":[94,93,92],"31":[2,89],"32":[91,90],"33":[1,88],"34":[39,49],"35":[88,88,77,40]},"meta":{"lastBranch":36,"lastFunction":6,"lastStatement":77,"seen":{"s:4:17:15:Infinity":0,"f:25:16:25:27":0,"b:25:40:25:57":0,"b:25:68:25:74":1,"s:26:19:26:Infinity":1,"s:27:21:27:Infinity":2,"s:30:2:45:Infinity":3,"b:31:4:41:Infinity:38:11:41:Infinity":2,"s:31:4:41:Infinity":4,"s:32:26:32:Infinity":5,"s:33:6:33:Infinity":6,"b:34:6:37:Infinity:undefined:undefined:undefined:undefined":3,"s:34:6:37:Infinity":7,"b:34:10:34:27:34:27:34:61":4,"s:35:8:35:Infinity":8,"s:36:8:36:Infinity":9,"s:39:6:39:Infinity":10,"s:40:6:40:Infinity":11,"s:43:4:43:Infinity":12,"s:44:4:44:Infinity":13,"s:56:13:56:Infinity":14,"s:57:2:71:Infinity":15,"b:58:4:68:Infinity:66:11:68:Infinity":5,"s:58:4:68:Infinity":16,"s:59:26:59:Infinity":17,"s:60:25:60:Infinity":18,"b:61:6:65:Infinity:63:13:65:Infinity":6,"s:61:6:65:Infinity":19,"b:61:10:61:24:61:24:61:56":7,"s:62:8:62:Infinity":20,"s:64:8:64:Infinity":21,"s:67:6:67:Infinity":22,"s:70:4:70:Infinity":23,"s:78:2:93:Infinity":24,"b:79:4:81:Infinity:undefined:undefined:undefined:undefined":8,"s:79:4:81:Infinity":25,"s:80:6:80:Infinity":26,"s:82:25:82:Infinity":27,"s:83:17:83:Infinity":28,"b:84:4:88:Infinity:86:11:88:Infinity":9,"s:84:4:88:Infinity":29,"s:85:6:85:Infinity":30,"f:85:28:85:33":1,"s:85:38:85:82":31,"b:85:38:85:63:85:63:85:82":10,"b:86:11:88:Infinity:undefined:undefined:undefined:undefined":11,"s:86:11:88:Infinity":32,"s:87:6:87:Infinity":33,"b:90:4:92:Infinity:undefined:undefined:undefined:undefined":12,"s:90:4:92:Infinity":34,"s:91:6:91:Infinity":35,"b:96:2:98:Infinity:undefined:undefined:undefined:undefined":13,"s:96:2:98:Infinity":36,"b:96:6:96:54:96:24:96:62":14,"s:97:4:97:Infinity":37,"f:97:13:97:21":2,"s:97:26:97:63":38,"s:100:2:100:Infinity":39,"f:111:9:111:32":3,"b:111:62:111:66":15,"s:112:20:112:Infinity":40,"f:116:11:116:20":4,"b:117:4:142:Infinity:134:11:142:Infinity":16,"s:117:4:142:Infinity":41,"b:118:6:133:Infinity:undefined:undefined:undefined:undefined":17,"s:118:6:133:Infinity":42,"b:118:10:118:35:118:35:118:61:118:61:118:73":18,"s:119:30:119:Infinity":43,"b:120:8:122:Infinity:undefined:undefined:undefined:undefined":19,"s:120:8:122:Infinity":44,"b:120:12:120:34:120:34:120:70":20,"s:121:10:121:Infinity":45,"s:123:25:123:Infinity":46,"s:124:22:124:Infinity":47,"b:129:8:131:Infinity:undefined:undefined:undefined:undefined":21,"s:129:8:131:Infinity":48,"s:130:10:130:Infinity":49,"s:132:8:132:Infinity":50,"b:134:11:142:Infinity:138:11:142:Infinity":22,"s:134:11:142:Infinity":51,"s:135:6:137:Infinity":52,"s:136:8:136:Infinity":53,"b:138:11:142:Infinity:undefined:undefined:undefined:undefined":23,"s:138:11:142:Infinity":54,"b:138:15:138:24:138:24:138:51":24,"s:139:6:141:Infinity":55,"s:140:8:140:Infinity":56,"s:145:2:145:Infinity":57,"s:146:2:146:Infinity":58,"f:157:16:157:26":5,"b:158:2:158:Infinity:undefined:undefined:undefined:undefined":25,"s:158:2:158:Infinity":59,"b:158:6:158:17:158:17:158:45":26,"s:158:45:158:Infinity":60,"b:159:2:159:Infinity:undefined:undefined:undefined:undefined":27,"s:159:2:159:Infinity":61,"b:159:6:159:17:159:17:159:45":28,"s:159:45:159:Infinity":62,"s:161:17:161:Infinity":63,"s:162:2:181:Infinity":64,"b:163:4:165:Infinity:undefined:undefined:undefined:undefined":29,"s:163:4:165:Infinity":65,"b:163:8:163:31:163:31:163:56:163:56:163:77":30,"s:164:6:164:Infinity":66,"s:167:22:167:Infinity":67,"s:168:22:168:Infinity":68,"b:170:4:172:Infinity:undefined:undefined:undefined:undefined":31,"s:170:4:172:Infinity":69,"b:170:8:170:30:170:30:170:55":32,"s:171:6:171:Infinity":70,"b:174:4:180:Infinity:176:11:180:Infinity":33,"s:174:4:180:Infinity":71,"s:175:6:175:Infinity":72,"b:176:11:180:Infinity:178:11:180:Infinity":34,"s:176:11:180:Infinity":73,"b:176:15:176:28:176:28:176:61:176:61:176:74:176:74:176:105":35,"s:177:6:177:Infinity":74,"s:179:6:179:Infinity":75,"s:182:2:182:Infinity":76}}}
,"/home/lucky/stuff/to-del/LLM2Deck/src/database.js": {"path":"/home/lucky/stuff/to-del/LLM2Deck/src/database.js","statementMap":{"0":{"start":{"line":9,"column":13},"end":{"line":9,"column":17}},"1":{"start":{"line":17,"column":2},"end":{"line":19,"column":null}},"2":{"start":{"line":18,"column":4},"end":{"line":18,"column":null}},"3":{"start":{"line":20,"column":2},"end":{"line":20,"column":null}},"4":{"start":{"line":36,"column":2},"end":{"line":43,"column":null}},"5":{"start":{"line":37,"column":4},"end":{"line":41,"column":null}},"6":{"start":{"line":38,"column":6},"end":{"line":38,"column":null}},"7":{"start":{"line":42,"column":4},"end":{"line":42,"column":null}},"8":{"start":{"line":46,"column":14},"end":{"line":46,"column":34}},"9":{"start":{"line":47,"column":2},"end":{"line":49,"column":null}},"10":{"start":{"line":48,"column":4},"end":{"line":48,"column":null}},"11":{"start":{"line":51,"column":2},"end":{"line":51,"column":null}},"12":{"start":{"line":57,"column":2},"end":{"line":57,"column":null}},"13":{"start":{"line":58,"column":2},"end":{"line":58,"column":null}},"14":{"start":{"line":62,"column":20},"end":{"line":96,"column":3}},"15":{"start":{"line":98,"column":2},"end":{"line":98,"column":null}},"16":{"start":{"line":100,"column":2},"end":{"line":100,"column":null}},"17":{"start":{"line":107,"column":2},"end":{"line":110,"column":null}},"18":{"start":{"line":108,"column":4},"end":{"line":108,"column":null}},"19":{"start":{"line":109,"column":4},"end":{"line":109,"column":null}},"20":{"start":{"line":125,"column":13},"end":{"line":125,"column":20}},"21":{"start":{"line":126,"column":15},"end":{"line":129,"column":4}},"22":{"start":{"line":130,"column":2},"end":{"line":130,"column":null}},"23":{"start":{"line":142,"column":13},"end":{"line":142,"column":20}},"24":{"start":{"line":143,"column":15},"end":{"line":145,"column":4}},"25":{"start":{"line":146,"column":17},"end":{"line":146,"column":40}},"26":{"start":{"line":147,"column":2},"end":{"line":149,"column":null}},"27":{"start":{"line":148,"column":4},"end":{"line":148,"column":null}},"28":{"start":{"line":150,"column":2},"end":{"line":150,"column":null}},"29":{"start":{"line":160,"column":13},"end":{"line":160,"column":20}},"30":{"start":{"line":161,"column":15},"end":{"line":163,"column":4}},"31":{"start":{"line":164,"column":2},"end":{"line":164,"column":null}},"32":{"start":{"line":174,"column":13},"end":{"line":174,"column":20}},"33":{"start":{"line":175,"column":15},"end":{"line":177,"column":4}},"34":{"start":{"line":178,"column":2},"end":{"line":178,"column":null}},"35":{"start":{"line":195,"column":13},"end":{"line":195,"column":20}},"36":{"start":{"line":196,"column":15},"end":{"line":199,"column":4}},"37":{"start":{"line":200,"column":2},"end":{"line":200,"column":null}},"38":{"start":{"line":211,"column":13},"end":{"line":211,"column":20}},"39":{"start":{"line":212,"column":15},"end":{"line":217,"column":4}},"40":{"start":{"line":218,"column":2},"end":{"line":218,"column":null}},"41":{"start":{"line":228,"column":13},"end":{"line":228,"column":20}},"42":{"start":{"line":229,"column":15},"end":{"line":234,"column":4}},"43":{"start":{"line":235,"column":2},"end":{"line":235,"column":null}},"44":{"start":{"line":245,"column":13},"end":{"line":245,"column":20}},"45":{"start":{"line":246,"column":15},"end":{"line":248,"column":4}},"46":{"start":{"line":249,"column":2},"end":{"line":249,"column":null}},"47":{"start":{"line":266,"column":13},"end":{"line":266,"column":20}},"48":{"start":{"line":267,"column":15},"end":{"line":276,"column":4}},"49":{"start":{"line":277,"column":2},"end":{"line":277,"column":null}},"50":{"start":{"line":286,"column":13},"end":{"line":286,"column":20}},"51":{"start":{"line":287,"column":15},"end":{"line":289,"column":4}},"52":{"start":{"line":290,"column":2},"end":{"line":290,"column":null}},"53":{"start":{"line":299,"column":13},"end":{"line":299,"column":20}},"54":{"start":{"line":300,"column":15},"end":{"line":302,"column":4}},"55":{"start":{"line":303,"column":2},"end":{"line":303,"column":null}},"56":{"start":{"line":316,"column":13},"end":{"line":316,"column":20}},"57":{"start":{"line":318,"column":2},"end":{"line":318,"column":null}}},"fnMap":{"0":{"name":"getDb","decl":{"start":{"line":16,"column":16},"end":{"line":16,"column":21}},"loc":{"start":{"line":16,"column":24},"end":{"line":21,"column":null}},"line":16},"1":{"name":"initDatabase","decl":{"start":{"line":34,"column":16},"end":{"line":34,"column":28}},"loc":{"start":{"line":34,"column":37},"end":{"line":101,"column":null}},"line":34},"2":{"name":"closeDatabase","decl":{"start":{"line":106,"column":16},"end":{"line":106,"column":29}},"loc":{"start":{"line":106,"column":32},"end":{"line":111,"column":null}},"line":106},"3":{"name":"createRun","decl":{"start":{"line":124,"column":16},"end":{"line":124,"column":25}},"loc":{"start":{"line":124,"column":76},"end":{"line":131,"column":null}},"line":124},"4":{"name":"updateRunStatus","decl":{"start":{"line":141,"column":16},"end":{"line":141,"column":31}},"loc":{"start":{"line":141,"column":47},"end":{"line":151,"column":null}},"line":141},"5":{"name":"getRun","decl":{"start":{"line":159,"column":16},"end":{"line":159,"column":22}},"loc":{"start":{"line":159,"column":30},"end":{"line":165,"column":null}},"line":159},"6":{"name":"deleteRun","decl":{"start":{"line":173,"column":16},"end":{"line":173,"column":25}},"loc":{"start":{"line":173,"column":33},"end":{"line":179,"column":null}},"line":173},"7":{"name":"addPipelineStep","decl":{"start":{"line":194,"column":16},"end":{"line":194,"column":31}},"loc":{"start":{"line":194,"column":102},"end":{"line":201,"column":null}},"line":194},"8":{"name":"getPipelineSteps","decl":{"start":{"line":210,"column":16},"end":{"line":210,"column":32}},"loc":{"start":{"line":210,"column":52},"end":{"line":219,"column":null}},"line":210},"9":{"name":"getPipelineStepsForRun","decl":{"start":{"line":227,"column":16},"end":{"line":227,"column":38}},"loc":{"start":{"line":227,"column":46},"end":{"line":236,"column":null}},"line":227},"10":{"name":"getCache","decl":{"start":{"line":244,"column":16},"end":{"line":244,"column":24}},"loc":{"start":{"line":244,"column":35},"end":{"line":250,"column":null}},"line":244},"11":{"name":"setCache","decl":{"start":{"line":265,"column":16},"end":{"line":265,"column":24}},"loc":{"start":{"line":265,"column":78},"end":{"line":278,"column":null}},"line":265},"12":{"name":"clearCache","decl":{"start":{"line":285,"column":16},"end":{"line":285,"column":26}},"loc":{"start":{"line":285,"column":29},"end":{"line":291,"column":null}},"line":285},"13":{"name":"getCacheStats","decl":{"start":{"line":298,"column":16},"end":{"line":298,"column":29}},"loc":{"start":{"line":298,"column":32},"end":{"line":304,"column":null}},"line":298},"14":{"name":"transaction","decl":{"start":{"line":315,"column":16},"end":{"line":315,"column":27}},"loc":{"start":{"line":315,"column":38},"end":{"line":319,"column":null}},"line":315}},"branchMap":{"0":{"loc":{"start":{"line":17,"column":2},"end":{"line":19,"column":null}},"type":"if","locations":[{"start":{"line":17,"column":2},"end":{"line":19,"column":null}},{"start":{},"end":{}}],"line":17},"1":{"loc":{"start":{"line":36,"column":2},"end":{"line":43,"column":null}},"type":"if","locations":[{"start":{"line":36,"column":2},"end":{"line":43,"column":null}},{"start":{},"end":{}}],"line":36},"2":{"loc":{"start":{"line":47,"column":2},"end":{"line":49,"column":null}},"type":"if","locations":[{"start":{"line":47,"column":2},"end":{"line":49,"column":null}},{"start":{},"end":{}}],"line":47},"3":{"loc":{"start":{"line":107,"column":2},"end":{"line":110,"column":null}},"type":"if","locations":[{"start":{"line":107,"column":2},"end":{"line":110,"column":null}},{"start":{},"end":{}}],"line":107},"4":{"loc":{"start":{"line":147,"column":2},"end":{"line":149,"column":null}},"type":"if","locations":[{"start":{"line":147,"column":2},"end":{"line":149,"column":null}},{"start":{},"end":{}}],"line":147}},"s":{"0":1,"1":159,"2":1,"3":158,"4":18,"5":1,"6":1,"7":1,"8":18,"9":18,"10":1,"11":18,"12":18,"13":18,"14":18,"15":18,"16":18,"17":36,"18":17,"19":17,"20":13,"21":13,"22":13,"23":2,"24":2,"25":2,"26":2,"27":1,"28":1,"29":4,"30":4,"31":4,"32":1,"33":1,"34":1,"35":110,"36":110,"37":110,"38":3,"39":3,"40":3,"41":8,"42":8,"43":8,"44":4,"45":4,"46":4,"47":2,"48":2,"49":2,"50":1,"51":1,"52":1,"53":4,"54":4,"55":4,"56":4,"57":4},"f":{"0":159,"1":18,"2":36,"3":13,"4":2,"5":4,"6":1,"7":110,"8":3,"9":8,"10":4,"11":2,"12":1,"13":4,"14":4},"b":{"0":[1,158],"1":[1,17],"2":[1,17],"3":[17,19],"4":[1,1]},"meta":{"lastBranch":5,"lastFunction":15,"lastStatement":58,"seen":{"s:9:13:9:17":0,"f:16:16:16:21":0,"b:17:2:19:Infinity:undefined:undefined:undefined:undefined":0,"s:17:2:19:Infinity":1,"s:18:4:18:Infinity":2,"s:20:2:20:Infinity":3,"f:34:16:34:28":1,"b:36:2:43:Infinity:undefined:undefined:undefined:undefined":1,"s:36:2:43:Infinity":4,"s:37:4:41:Infinity":5,"s:38:6:38:Infinity":6,"s:42:4:42:Infinity":7,"s:46:14:46:34":8,"b:47:2:49:Infinity:undefined:undefined:undefined:undefined":2,"s:47:2:49:Infinity":9,"s:48:4:48:Infinity":10,"s:51:2:51:Infinity":11,"s:57:2:57:Infinity":12,"s:58:2:58:Infinity":13,"s:62:20:96:3":14,"s:98:2:98:Infinity":15,"s:100:2:100:Infinity":16,"f:106:16:106:29":2,"b:107:2:110:Infinity:undefined:undefined:undefined:undefined":3,"s:107:2:110:Infinity":17,"s:108:4:108:Infinity":18,"s:109:4:109:Infinity":19,"f:124:16:124:25":3,"s:125:13:125:20":20,"s:126:15:129:4":21,"s:130:2:130:Infinity":22,"f:141:16:141:31":4,"s:142:13:142:20":23,"s:143:15:145:4":24,"s:146:17:146:40":25,"b:147:2:149:Infinity:undefined:undefined:undefined:undefined":4,"s:147:2:149:Infinity":26,"s:148:4:148:Infinity":27,"s:150:2:150:Infinity":28,"f:159:16:159:22":5,"s:160:13:160:20":29,"s:161:15:163:4":30,"s:164:2:164:Infinity":31,"f:173:16:173:25":6,"s:174:13:174:20":32,"s:175:15:177:4":33,"s:178:2:178:Infinity":34,"f:194:16:194:31":7,"s:195:13:195:20":35,"s:196:15:199:4":36,"s:200:2:200:Infinity":37,"f:210:16:210:32":8,"s:211:13:211:20":38,"s:212:15:217:4":39,"s:218:2:218:Infinity":40,"f:227:16:227:38":9,"s:228:13:228:20":41,"s:229:15:234:4":42,"s:235:2:235:Infinity":43,"f:244:16:244:24":10,"s:245:13:245:20":44,"s:246:15:248:4":45,"s:249:2:249:Infinity":46,"f:265:16:265:24":11,"s:266:13:266:20":47,"s:267:15:276:4":48,"s:277:2:277:Infinity":49,"f:285:16:285:26":12,"s:286:13:286:20":50,"s:287:15:289:4":51,"s:290:2:290:Infinity":52,"f:298:16:298:29":13,"s:299:13:299:20":53,"s:300:15:302:4":54,"s:303:2:303:Infinity":55,"f:315:16:315:27":14,"s:316:13:316:20":56,"s:318:2:318:Infinity":57}}}
,"/home/lucky/stuff/to-del/LLM2Deck/src/ingestion.js": {"path":"/home/lucky/stuff/to-del/LLM2Deck/src/ingestion.js","statementMap":{"0":{"start":{"line":16,"column":2},"end":{"line":16,"column":null}},"1":{"start":{"line":16,"column":13},"end":{"line":16,"column":null}},"2":{"start":{"line":19,"column":18},"end":{"line":19,"column":53}},"3":{"start":{"line":22,"column":16},"end":{"line":22,"column":40}},"4":{"start":{"line":26,"column":2},"end":{"line":29,"column":null}},"5":{"start":{"line":27,"column":17},"end":{"line":27,"column":29}},"6":{"start":{"line":28,"column":14},"end":{"line":28,"column":66}},"7":{"start":{"line":40,"column":2},"end":{"line":66,"column":null}},"8":{"start":{"line":41,"column":19},"end":{"line":41,"column":46}},"9":{"start":{"line":47,"column":4},"end":{"line":61,"column":null}},"10":{"start":{"line":48,"column":26},"end":{"line":48,"column":67}},"11":{"start":{"line":49,"column":6},"end":{"line":49,"column":null}},"12":{"start":{"line":54,"column":6},"end":{"line":60,"column":null}},"13":{"start":{"line":55,"column":30},"end":{"line":55,"column":78}},"14":{"start":{"line":56,"column":8},"end":{"line":56,"column":null}},"15":{"start":{"line":58,"column":8},"end":{"line":58,"column":null}},"16":{"start":{"line":59,"column":8},"end":{"line":59,"column":null}},"17":{"start":{"line":64,"column":4},"end":{"line":64,"column":null}},"18":{"start":{"line":65,"column":4},"end":{"line":65,"column":null}},"19":{"start":{"line":78,"column":14},"end":{"line":78,"column":16}},"20":{"start":{"line":79,"column":2},"end":{"line":105,"column":null}},"21":{"start":{"line":80,"column":20},"end":{"line":80,"column":70}},"22":{"start":{"line":83,"column":25},"end":{"line":99,"column":6}},"23":{"start":{"line":85,"column":6},"end":{"line":87,"column":null}},"24":{"start":{"line":86,"column":8},"end":{"line":86,"column":null}},"25":{"start":{"line":89,"column":23},"end":{"line":89,"column":53}},"26":{"start":{"line":90,"column":6},"end":{"line":97,"column":null}},"27":{"start":{"line":91,"column":8},"end":{"line":91,"column":null}},"28":{"start":{"line":92,"column":13},"end":{"line":97,"column":null}},"29":{"start":{"line":93,"column":20},"end":{"line":93,"column":58}},"30":{"start":{"line":94,"column":8},"end":{"line":96,"column":null}},"31":{"start":{"line":95,"column":10},"end":{"line":95,"column":null}},"32":{"start":{"line":98,"column":6},"end":{"line":98,"column":null}},"33":{"start":{"line":101,"column":25},"end":{"line":101,"column":56}},"34":{"start":{"line":102,"column":4},"end":{"line":102,"column":null}},"35":{"start":{"line":104,"column":4},"end":{"line":104,"column":null}},"36":{"start":{"line":106,"column":2},"end":{"line":106,"column":null}},"37":{"start":{"line":117,"column":23},"end":{"line":117,"column":45}},"38":{"start":{"line":120,"column":16},"end":{"line":120,"column":43}},"39":{"start":{"line":121,"column":2},"end":{"line":123,"column":null}},"40":{"start":{"line":122,"column":4},"end":{"line":122,"column":null}},"41":{"start":{"line":125,"column":28},"end":{"line":125,"column":81}},"42":{"start":{"line":126,"column":20},"end":{"line":126,"column":72}},"43":{"start":{"line":128,"column":22},"end":{"line":128,"column":49}},"44":{"start":{"line":129,"column":18},"end":{"line":129,"column":20}},"45":{"start":{"line":131,"column":2},"end":{"line":166,"column":null}},"46":{"start":{"line":132,"column":20},"end":{"line":132,"column":56}},"47":{"start":{"line":135,"column":4},"end":{"line":137,"column":null}},"48":{"start":{"line":136,"column":6},"end":{"line":136,"column":null}},"49":{"start":{"line":140,"column":25},"end":{"line":140,"column":62}},"50":{"start":{"line":141,"column":18},"end":{"line":141,"column":46}},"51":{"start":{"line":145,"column":26},"end":{"line":145,"column":49}},"52":{"start":{"line":146,"column":16},"end":{"line":146,"column":43}},"53":{"start":{"line":147,"column":31},"end":{"line":147,"column":88}},"54":{"start":{"line":150,"column":21},"end":{"line":150,"column":44}},"55":{"start":{"line":151,"column":27},"end":{"line":157,"column":6}},"56":{"start":{"line":152,"column":17},"end":{"line":152,"column":21}},"57":{"start":{"line":153,"column":6},"end":{"line":155,"column":null}},"58":{"start":{"line":154,"column":8},"end":{"line":154,"column":null}},"59":{"start":{"line":156,"column":6},"end":{"line":156,"column":null}},"60":{"start":{"line":159,"column":21},"end":{"line":159,"column":46}},"61":{"start":{"line":161,"column":4},"end":{"line":165,"column":null}},"62":{"start":{"line":168,"column":2},"end":{"line":168,"column":null}},"63":{"start":{"line":178,"column":2},"end":{"line":210,"column":null}},"64":{"start":{"line":179,"column":16},"end":{"line":179,"column":38}},"65":{"start":{"line":180,"column":4},"end":{"line":182,"column":null}},"66":{"start":{"line":181,"column":6},"end":{"line":181,"column":null}},"67":{"start":{"line":183,"column":4},"end":{"line":185,"column":null}},"68":{"start":{"line":184,"column":6},"end":{"line":184,"column":null}},"69":{"start":{"line":186,"column":4},"end":{"line":188,"column":null}},"70":{"start":{"line":187,"column":6},"end":{"line":187,"column":null}},"71":{"start":{"line":190,"column":4},"end":{"line":205,"column":null}},"72":{"start":{"line":191,"column":6},"end":{"line":193,"column":null}},"73":{"start":{"line":192,"column":8},"end":{"line":192,"column":null}},"74":{"start":{"line":194,"column":6},"end":{"line":196,"column":null}},"75":{"start":{"line":195,"column":8},"end":{"line":195,"column":null}},"76":{"start":{"line":197,"column":6},"end":{"line":199,"column":null}},"77":{"start":{"line":198,"column":8},"end":{"line":198,"column":null}},"78":{"start":{"line":200,"column":6},"end":{"line":204,"column":null}},"79":{"start":{"line":201,"column":8},"end":{"line":203,"column":null}},"80":{"start":{"line":202,"column":10},"end":{"line":202,"column":null}},"81":{"start":{"line":207,"column":4},"end":{"line":207,"column":null}},"82":{"start":{"line":209,"column":4},"end":{"line":209,"column":null}},"83":{"start":{"line":220,"column":18},"end":{"line":220,"column":53}},"84":{"start":{"line":221,"column":2},"end":{"line":221,"column":null}}},"fnMap":{"0":{"name":"formatNamespaceComponent","decl":{"start":{"line":15,"column":16},"end":{"line":15,"column":40}},"loc":{"start":{"line":15,"column":47},"end":{"line":30,"column":null}},"line":15},"1":{"name":"(anonymous_1)","decl":{"start":{"line":27,"column":12},"end":{"line":27,"column":13}},"loc":{"start":{"line":27,"column":17},"end":{"line":27,"column":29}},"line":27},"2":{"name":"(anonymous_2)","decl":{"start":{"line":28,"column":9},"end":{"line":28,"column":10}},"loc":{"start":{"line":28,"column":14},"end":{"line":28,"column":66}},"line":28},"3":{"name":"readFileWithFallback","decl":{"start":{"line":39,"column":22},"end":{"line":39,"column":42}},"loc":{"start":{"line":39,"column":53},"end":{"line":67,"column":null}},"line":39},"4":{"name":"walkDirectory","decl":{"start":{"line":77,"column":15},"end":{"line":77,"column":28}},"loc":{"start":{"line":77,"column":57},"end":{"line":107,"column":null}},"line":77},"5":{"name":"(anonymous_5)","decl":{"start":{"line":83,"column":37},"end":{"line":83,"column":42}},"loc":{"start":{"line":83,"column":54},"end":{"line":99,"column":5}},"line":83},"6":{"name":"ingestDirectory","decl":{"start":{"line":116,"column":22},"end":{"line":116,"column":37}},"loc":{"start":{"line":116,"column":48},"end":{"line":169,"column":null}},"line":116},"7":{"name":"(anonymous_7)","decl":{"start":{"line":151,"column":40},"end":{"line":151,"column":41}},"loc":{"start":{"line":151,"column":57},"end":{"line":157,"column":5}},"line":151},"8":{"name":"parsePreset","decl":{"start":{"line":177,"column":16},"end":{"line":177,"column":27}},"loc":{"start":{"line":177,"column":41},"end":{"line":211,"column":null}},"line":177},"9":{"name":"loadPreset","decl":{"start":{"line":219,"column":22},"end":{"line":219,"column":32}},"loc":{"start":{"line":219,"column":43},"end":{"line":222,"column":null}},"line":219}},"branchMap":{"0":{"loc":{"start":{"line":16,"column":2},"end":{"line":16,"column":null}},"type":"if","locations":[{"start":{"line":16,"column":2},"end":{"line":16,"column":null}},{"start":{},"end":{}}],"line":16},"1":{"loc":{"start":{"line":85,"column":6},"end":{"line":87,"column":null}},"type":"if","locations":[{"start":{"line":85,"column":6},"end":{"line":87,"column":null}},{"start":{},"end":{}}],"line":85},"2":{"loc":{"start":{"line":90,"column":6},"end":{"line":97,"column":null}},"type":"if","locations":[{"start":{"line":90,"column":6},"end":{"line":97,"column":null}},{"start":{"line":92,"column":13},"end":{"line":97,"column":null}}],"line":90},"3":{"loc":{"start":{"line":92,"column":13},"end":{"line":97,"column":null}},"type":"if","locations":[{"start":{"line":92,"column":13},"end":{"line":97,"column":null}},{"start":{},"end":{}}],"line":92},"4":{"loc":{"start":{"line":94,"column":8},"end":{"line":96,"column":null}},"type":"if","locations":[{"start":{"line":94,"column":8},"end":{"line":96,"column":null}},{"start":{},"end":{}}],"line":94},"5":{"loc":{"start":{"line":121,"column":2},"end":{"line":123,"column":null}},"type":"if","locations":[{"start":{"line":121,"column":2},"end":{"line":123,"column":null}},{"start":{},"end":{}}],"line":121},"6":{"loc":{"start":{"line":135,"column":4},"end":{"line":137,"column":null}},"type":"if","locations":[{"start":{"line":135,"column":4},"end":{"line":137,"column":null}},{"start":{},"end":{}}],"line":135},"7":{"loc":{"start":{"line":135,"column":8},"end":{"line":135,"column":55}},"type":"binary-expr","locations":[{"start":{"line":135,"column":8},"end":{"line":135,"column":24}},{"start":{"line":135,"column":28},"end":{"line":135,"column":55}}],"line":135},"8":{"loc":{"start":{"line":153,"column":6},"end":{"line":155,"column":null}},"type":"if","locations":[{"start":{"line":153,"column":6},"end":{"line":155,"column":null}},{"start":{},"end":{}}],"line":153},"9":{"loc":{"start":{"line":180,"column":4},"end":{"line":182,"column":null}},"type":"if","locations":[{"start":{"line":180,"column":4},"end":{"line":182,"column":null}},{"start":{},"end":{}}],"line":180},"10":{"loc":{"start":{"line":180,"column":8},"end":{"line":180,"column":39}},"type":"binary-expr","locations":[{"start":{"line":180,"column":8},"end":{"line":180,"column":12}},{"start":{"line":180,"column":16},"end":{"line":180,"column":39}}],"line":180},"11":{"loc":{"start":{"line":183,"column":4},"end":{"line":185,"column":null}},"type":"if","locations":[{"start":{"line":183,"column":4},"end":{"line":185,"column":null}},{"start":{},"end":{}}],"line":183},"12":{"loc":{"start":{"line":183,"column":8},"end":{"line":183,"column":68}},"type":"binary-expr","locations":[{"start":{"line":183,"column":8},"end":{"line":183,"column":36}},{"start":{"line":183,"column":40},"end":{"line":183,"column":68}}],"line":183},"13":{"loc":{"start":{"line":186,"column":4},"end":{"line":188,"column":null}},"type":"if","locations":[{"start":{"line":186,"column":4},"end":{"line":188,"column":null}},{"start":{},"end":{}}],"line":186},"14":{"loc":{"start":{"line":191,"column":6},"end":{"line":193,"column":null}},"type":"if","locations":[{"start":{"line":191,"column":6},"end":{"line":193,"column":null}},{"start":{},"end":{}}],"line":191},"15":{"loc":{"start":{"line":191,"column":10},"end":{"line":191,"column":51}},"type":"binary-expr","locations":[{"start":{"line":191,"column":10},"end":{"line":191,"column":19}},{"start":{"line":191,"column":23},"end":{"line":191,"column":51}}],"line":191},"16":{"loc":{"start":{"line":194,"column":6},"end":{"line":196,"column":null}},"type":"if","locations":[{"start":{"line":194,"column":6},"end":{"line":196,"column":null}},{"start":{},"end":{}}],"line":194},"17":{"loc":{"start":{"line":194,"column":10},"end":{"line":194,"column":80}},"type":"binary-expr","locations":[{"start":{"line":194,"column":10},"end":{"line":194,"column":43}},{"start":{"line":194,"column":47},"end":{"line":194,"column":80}}],"line":194},"18":{"loc":{"start":{"line":197,"column":6},"end":{"line":199,"column":null}},"type":"if","locations":[{"start":{"line":197,"column":6},"end":{"line":199,"column":null}},{"start":{},"end":{}}],"line":197},"19":{"loc":{"start":{"line":201,"column":8},"end":{"line":203,"column":null}},"type":"if","locations":[{"start":{"line":201,"column":8},"end":{"line":203,"column":null}},{"start":{},"end":{}}],"line":201},"20":{"loc":{"start":{"line":201,"column":12},"end":{"line":201,"column":66}},"type":"binary-expr","locations":[{"start":{"line":201,"column":12},"end":{"line":201,"column":37}},{"start":{"line":201,"column":41},"end":{"line":201,"column":66}}],"line":201}},"s":{"0":70,"1":2,"2":68,"3":68,"4":68,"5":134,"6":129,"7":26,"8":26,"9":23,"10":23,"11":23,"12":2,"13":2,"14":2,"15":1,"16":1,"17":3,"18":3,"19":26,"20":26,"21":26,"22":25,"23":35,"24":2,"25":33,"26":33,"27":13,"28":20,"29":19,"30":19,"31":18,"32":2,"33":25,"34":25,"35":1,"36":26,"37":15,"38":15,"39":14,"40":1,"41":13,"42":13,"43":13,"44":13,"45":13,"46":18,"47":18,"48":2,"49":16,"50":16,"51":16,"52":16,"53":16,"54":16,"55":16,"56":44,"57":44,"58":16,"59":44,"60":16,"61":16,"62":13,"63":19,"64":19,"65":19,"66":4,"67":14,"68":1,"69":13,"70":1,"71":12,"72":12,"73":2,"74":10,"75":1,"76":9,"77":2,"78":7,"79":7,"80":2,"81":5,"82":14,"83":2,"84":1},"f":{"0":70,"1":134,"2":129,"3":26,"4":26,"5":35,"6":15,"7":44,"8":19,"9":2},"b":{"0":[2,68],"1":[2,33],"2":[13,20],"3":[19,1],"4":[18,1],"5":[1,13],"6":[2,16],"7":[18,17],"8":[16,28],"9":[4,15],"10":[19,16],"11":[1,13],"12":[14,13],"13":[1,12],"14":[2,10],"15":[12,11],"16":[1,9],"17":[10,10],"18":[2,7],"19":[2,5],"20":[7,6]},"meta":{"lastBranch":21,"lastFunction":10,"lastStatement":85,"seen":{"f:15:16:15:40":0,"b:16:2:16:Infinity:undefined:undefined:undefined:undefined":0,"s:16:2:16:Infinity":0,"s:16:13:16:Infinity":1,"s:19:18:19:53":2,"s:22:16:22:40":3,"s:26:2:29:Infinity":4,"f:27:12:27:13":1,"s:27:17:27:29":5,"f:28:9:28:10":2,"s:28:14:28:66":6,"f:39:22:39:42":3,"s:40:2:66:Infinity":7,"s:41:19:41:46":8,"s:47:4:61:Infinity":9,"s:48:26:48:67":10,"s:49:6:49:Infinity":11,"s:54:6:60:Infinity":12,"s:55:30:55:78":13,"s:56:8:56:Infinity":14,"s:58:8:58:Infinity":15,"s:59:8:59:Infinity":16,"s:64:4:64:Infinity":17,"s:65:4:65:Infinity":18,"f:77:15:77:28":4,"s:78:14:78:16":19,"s:79:2:105:Infinity":20,"s:80:20:80:70":21,"s:83:25:99:6":22,"f:83:37:83:42":5,"b:85:6:87:Infinity:undefined:undefined:undefined:undefined":1,"s:85:6:87:Infinity":23,"s:86:8:86:Infinity":24,"s:89:23:89:53":25,"b:90:6:97:Infinity:92:13:97:Infinity":2,"s:90:6:97:Infinity":26,"s:91:8:91:Infinity":27,"b:92:13:97:Infinity:undefined:undefined:undefined:undefined":3,"s:92:13:97:Infinity":28,"s:93:20:93:58":29,"b:94:8:96:Infinity:undefined:undefined:undefined:undefined":4,"s:94:8:96:Infinity":30,"s:95:10:95:Infinity":31,"s:98:6:98:Infinity":32,"s:101:25:101:56":33,"s:102:4:102:Infinity":34,"s:104:4:104:Infinity":35,"s:106:2:106:Infinity":36,"f:116:22:116:37":6,"s:117:23:117:45":37,"s:120:16:120:43":38,"b:121:2:123:Infinity:undefined:undefined:undefined:undefined":5,"s:121:2:123:Infinity":39,"s:122:4:122:Infinity":40,"s:125:28:125:81":41,"s:126:20:126:72":42,"s:128:22:128:49":43,"s:129:18:129:20":44,"s:131:2:166:Infinity":45,"s:132:20:132:56":46,"b:135:4:137:Infinity:undefined:undefined:undefined:undefined":6,"s:135:4:137:Infinity":47,"b:135:8:135:24:135:28:135:55":7,"s:136:6:136:Infinity":48,"s:140:25:140:62":49,"s:141:18:141:46":50,"s:145:26:145:49":51,"s:146:16:146:43":52,"s:147:31:147:88":53,"s:150:21:150:44":54,"s:151:27:157:6":55,"f:151:40:151:41":7,"s:152:17:152:21":56,"b:153:6:155:Infinity:undefined:undefined:undefined:undefined":8,"s:153:6:155:Infinity":57,"s:154:8:154:Infinity":58,"s:156:6:156:Infinity":59,"s:159:21:159:46":60,"s:161:4:165:Infinity":61,"s:168:2:168:Infinity":62,"f:177:16:177:27":8,"s:178:2:210:Infinity":63,"s:179:16:179:38":64,"b:180:4:182:Infinity:undefined:undefined:undefined:undefined":9,"s:180:4:182:Infinity":65,"b:180:8:180:12:180:16:180:39":10,"s:181:6:181:Infinity":66,"b:183:4:185:Infinity:undefined:undefined:undefined:undefined":11,"s:183:4:185:Infinity":67,"b:183:8:183:36:183:40:183:68":12,"s:184:6:184:Infinity":68,"b:186:4:188:Infinity:undefined:undefined:undefined:undefined":13,"s:186:4:188:Infinity":69,"s:187:6:187:Infinity":70,"s:190:4:205:Infinity":71,"b:191:6:193:Infinity:undefined:undefined:undefined:undefined":14,"s:191:6:193:Infinity":72,"b:191:10:191:19:191:23:191:51":15,"s:192:8:192:Infinity":73,"b:194:6:196:Infinity:undefined:undefined:undefined:undefined":16,"s:194:6:196:Infinity":74,"b:194:10:194:43:194:47:194:80":17,"s:195:8:195:Infinity":75,"b:197:6:199:Infinity:undefined:undefined:undefined:undefined":18,"s:197:6:199:Infinity":76,"s:198:8:198:Infinity":77,"s:200:6:204:Infinity":78,"b:201:8:203:Infinity:undefined:undefined:undefined:undefined":19,"s:201:8:203:Infinity":79,"b:201:12:201:37:201:41:201:66":20,"s:202:10:202:Infinity":80,"s:207:4:207:Infinity":81,"s:209:4:209:Infinity":82,"f:219:22:219:32":9,"s:220:18:220:53":83,"s:221:2:221:Infinity":84}}}
}
