{"/home/lucky/stuff/to-del/LLM2Deck/src/config.js": {"path":"/home/lucky/stuff/to-del/LLM2Deck/src/config.js","statementMap":{"0":{"start":{"line":4,"column":17},"end":{"line":15,"column":null}},"1":{"start":{"line":26,"column":19},"end":{"line":26,"column":null}},"2":{"start":{"line":27,"column":21},"end":{"line":27,"column":null}},"3":{"start":{"line":30,"column":2},"end":{"line":45,"column":null}},"4":{"start":{"line":31,"column":4},"end":{"line":41,"column":null}},"5":{"start":{"line":32,"column":26},"end":{"line":32,"column":null}},"6":{"start":{"line":33,"column":6},"end":{"line":33,"column":null}},"7":{"start":{"line":34,"column":6},"end":{"line":37,"column":null}},"8":{"start":{"line":35,"column":8},"end":{"line":35,"column":null}},"9":{"start":{"line":36,"column":8},"end":{"line":36,"column":null}},"10":{"start":{"line":39,"column":6},"end":{"line":39,"column":null}},"11":{"start":{"line":40,"column":6},"end":{"line":40,"column":null}},"12":{"start":{"line":43,"column":4},"end":{"line":43,"column":null}},"13":{"start":{"line":44,"column":4},"end":{"line":44,"column":null}},"14":{"start":{"line":56,"column":13},"end":{"line":56,"column":null}},"15":{"start":{"line":57,"column":2},"end":{"line":71,"column":null}},"16":{"start":{"line":58,"column":4},"end":{"line":68,"column":null}},"17":{"start":{"line":59,"column":26},"end":{"line":59,"column":null}},"18":{"start":{"line":60,"column":25},"end":{"line":60,"column":null}},"19":{"start":{"line":61,"column":6},"end":{"line":65,"column":null}},"20":{"start":{"line":62,"column":8},"end":{"line":62,"column":null}},"21":{"start":{"line":64,"column":8},"end":{"line":64,"column":null}},"22":{"start":{"line":67,"column":6},"end":{"line":67,"column":null}},"23":{"start":{"line":70,"column":4},"end":{"line":70,"column":null}},"24":{"start":{"line":81,"column":2},"end":{"line":96,"column":null}},"25":{"start":{"line":82,"column":4},"end":{"line":84,"column":null}},"26":{"start":{"line":83,"column":6},"end":{"line":83,"column":null}},"27":{"start":{"line":85,"column":25},"end":{"line":85,"column":null}},"28":{"start":{"line":86,"column":17},"end":{"line":86,"column":null}},"29":{"start":{"line":87,"column":4},"end":{"line":91,"column":null}},"30":{"start":{"line":88,"column":6},"end":{"line":88,"column":null}},"31":{"start":{"line":88,"column":40},"end":{"line":88,"column":84}},"32":{"start":{"line":89,"column":11},"end":{"line":91,"column":null}},"33":{"start":{"line":90,"column":6},"end":{"line":90,"column":null}},"34":{"start":{"line":93,"column":4},"end":{"line":95,"column":null}},"35":{"start":{"line":94,"column":6},"end":{"line":94,"column":null}},"36":{"start":{"line":99,"column":2},"end":{"line":101,"column":null}},"37":{"start":{"line":100,"column":4},"end":{"line":100,"column":null}},"38":{"start":{"line":100,"column":28},"end":{"line":100,"column":65}},"39":{"start":{"line":103,"column":2},"end":{"line":103,"column":null}},"40":{"start":{"line":115,"column":20},"end":{"line":115,"column":null}},"41":{"start":{"line":120,"column":4},"end":{"line":146,"column":null}},"42":{"start":{"line":121,"column":6},"end":{"line":137,"column":null}},"43":{"start":{"line":122,"column":30},"end":{"line":122,"column":null}},"44":{"start":{"line":123,"column":8},"end":{"line":125,"column":null}},"45":{"start":{"line":124,"column":10},"end":{"line":124,"column":null}},"46":{"start":{"line":126,"column":25},"end":{"line":126,"column":null}},"47":{"start":{"line":127,"column":22},"end":{"line":127,"column":null}},"48":{"start":{"line":133,"column":8},"end":{"line":135,"column":null}},"49":{"start":{"line":134,"column":10},"end":{"line":134,"column":null}},"50":{"start":{"line":136,"column":8},"end":{"line":136,"column":null}},"51":{"start":{"line":138,"column":11},"end":{"line":146,"column":null}},"52":{"start":{"line":139,"column":6},"end":{"line":141,"column":null}},"53":{"start":{"line":140,"column":8},"end":{"line":140,"column":null}},"54":{"start":{"line":142,"column":11},"end":{"line":146,"column":null}},"55":{"start":{"line":143,"column":6},"end":{"line":145,"column":null}},"56":{"start":{"line":144,"column":8},"end":{"line":144,"column":null}},"57":{"start":{"line":149,"column":2},"end":{"line":149,"column":null}},"58":{"start":{"line":150,"column":2},"end":{"line":150,"column":null}},"59":{"start":{"line":162,"column":2},"end":{"line":162,"column":null}},"60":{"start":{"line":162,"column":45},"end":{"line":162,"column":null}},"61":{"start":{"line":163,"column":2},"end":{"line":163,"column":null}},"62":{"start":{"line":163,"column":45},"end":{"line":163,"column":null}},"63":{"start":{"line":165,"column":17},"end":{"line":165,"column":null}},"64":{"start":{"line":166,"column":2},"end":{"line":185,"column":null}},"65":{"start":{"line":167,"column":4},"end":{"line":169,"column":null}},"66":{"start":{"line":168,"column":6},"end":{"line":168,"column":null}},"67":{"start":{"line":171,"column":22},"end":{"line":171,"column":null}},"68":{"start":{"line":172,"column":22},"end":{"line":172,"column":null}},"69":{"start":{"line":174,"column":4},"end":{"line":176,"column":null}},"70":{"start":{"line":175,"column":6},"end":{"line":175,"column":null}},"71":{"start":{"line":178,"column":4},"end":{"line":184,"column":null}},"72":{"start":{"line":179,"column":6},"end":{"line":179,"column":null}},"73":{"start":{"line":180,"column":11},"end":{"line":184,"column":null}},"74":{"start":{"line":181,"column":6},"end":{"line":181,"column":null}},"75":{"start":{"line":183,"column":6},"end":{"line":183,"column":null}},"76":{"start":{"line":186,"column":2},"end":{"line":186,"column":null}}},"fnMap":{"0":{"name":"loadConfig","decl":{"start":{"line":25,"column":16},"end":{"line":25,"column":27}},"loc":{"start":{"line":25,"column":74},"end":{"line":104,"column":null}},"line":25},"1":{"name":"(anonymous_1)","decl":{"start":{"line":88,"column":28},"end":{"line":88,"column":34}},"loc":{"start":{"line":88,"column":40},"end":{"line":88,"column":84}},"line":88},"2":{"name":"(anonymous_2)","decl":{"start":{"line":100,"column":13},"end":{"line":100,"column":22}},"loc":{"start":{"line":100,"column":28},"end":{"line":100,"column":65}},"line":100},"3":{"name":"extractActiveProviders","decl":{"start":{"line":114,"column":9},"end":{"line":114,"column":32}},"loc":{"start":{"line":114,"column":66},"end":{"line":151,"column":null}},"line":114},"4":{"name":"traverse","decl":{"start":{"line":119,"column":11},"end":{"line":119,"column":20}},"loc":{"start":{"line":119,"column":38},"end":{"line":147,"column":null}},"line":119},"5":{"name":"deepMerge","decl":{"start":{"line":161,"column":16},"end":{"line":161,"column":26}},"loc":{"start":{"line":161,"column":42},"end":{"line":187,"column":null}},"line":161}},"branchMap":{"0":{"loc":{"start":{"line":25,"column":27},"end":{"line":25,"column":57}},"type":"default-arg","locations":[{"start":{"line":25,"column":40},"end":{"line":25,"column":57}}],"line":25},"1":{"loc":{"start":{"line":25,"column":57},"end":{"line":25,"column":74}},"type":"default-arg","locations":[{"start":{"line":25,"column":68},"end":{"line":25,"column":74}}],"line":25},"2":{"loc":{"start":{"line":31,"column":4},"end":{"line":41,"column":null}},"type":"if","locations":[{"start":{"line":31,"column":4},"end":{"line":41,"column":null}},{"start":{"line":38,"column":11},"end":{"line":41,"column":null}}],"line":31},"3":{"loc":{"start":{"line":34,"column":6},"end":{"line":37,"column":null}},"type":"if","locations":[{"start":{"line":34,"column":6},"end":{"line":37,"column":null}},{"start":{},"end":{}}],"line":34},"4":{"loc":{"start":{"line":34,"column":10},"end":{"line":34,"column":61}},"type":"binary-expr","locations":[{"start":{"line":34,"column":10},"end":{"line":34,"column":27}},{"start":{"line":34,"column":27},"end":{"line":34,"column":61}}],"line":34},"5":{"loc":{"start":{"line":58,"column":4},"end":{"line":68,"column":null}},"type":"if","locations":[{"start":{"line":58,"column":4},"end":{"line":68,"column":null}},{"start":{"line":66,"column":11},"end":{"line":68,"column":null}}],"line":58},"6":{"loc":{"start":{"line":61,"column":6},"end":{"line":65,"column":null}},"type":"if","locations":[{"start":{"line":61,"column":6},"end":{"line":65,"column":null}},{"start":{"line":63,"column":13},"end":{"line":65,"column":null}}],"line":61},"7":{"loc":{"start":{"line":61,"column":10},"end":{"line":61,"column":56}},"type":"binary-expr","locations":[{"start":{"line":61,"column":10},"end":{"line":61,"column":24}},{"start":{"line":61,"column":24},"end":{"line":61,"column":56}}],"line":61},"8":{"loc":{"start":{"line":82,"column":4},"end":{"line":84,"column":null}},"type":"if","locations":[{"start":{"line":82,"column":4},"end":{"line":84,"column":null}},{"start":{},"end":{}}],"line":82},"9":{"loc":{"start":{"line":87,"column":4},"end":{"line":91,"column":null}},"type":"if","locations":[{"start":{"line":87,"column":4},"end":{"line":91,"column":null}},{"start":{"line":89,"column":11},"end":{"line":91,"column":null}}],"line":87},"10":{"loc":{"start":{"line":88,"column":40},"end":{"line":88,"column":84}},"type":"binary-expr","locations":[{"start":{"line":88,"column":40},"end":{"line":88,"column":65}},{"start":{"line":88,"column":65},"end":{"line":88,"column":84}}],"line":88},"11":{"loc":{"start":{"line":89,"column":11},"end":{"line":91,"column":null}},"type":"if","locations":[{"start":{"line":89,"column":11},"end":{"line":91,"column":null}},{"start":{},"end":{}}],"line":89},"12":{"loc":{"start":{"line":93,"column":4},"end":{"line":95,"column":null}},"type":"if","locations":[{"start":{"line":93,"column":4},"end":{"line":95,"column":null}},{"start":{},"end":{}}],"line":93},"13":{"loc":{"start":{"line":99,"column":2},"end":{"line":101,"column":null}},"type":"if","locations":[{"start":{"line":99,"column":2},"end":{"line":101,"column":null}},{"start":{},"end":{}}],"line":99},"14":{"loc":{"start":{"line":99,"column":6},"end":{"line":99,"column":62}},"type":"binary-expr","locations":[{"start":{"line":99,"column":6},"end":{"line":99,"column":54}},{"start":{"line":99,"column":24},"end":{"line":99,"column":62}}],"line":99},"15":{"loc":{"start":{"line":114,"column":42},"end":{"line":114,"column":66}},"type":"default-arg","locations":[{"start":{"line":114,"column":62},"end":{"line":114,"column":66}}],"line":114},"16":{"loc":{"start":{"line":120,"column":4},"end":{"line":146,"column":null}},"type":"if","locations":[{"start":{"line":120,"column":4},"end":{"line":146,"column":null}},{"start":{"line":138,"column":11},"end":{"line":146,"column":null}}],"line":120},"17":{"loc":{"start":{"line":121,"column":6},"end":{"line":137,"column":null}},"type":"if","locations":[{"start":{"line":121,"column":6},"end":{"line":137,"column":null}},{"start":{},"end":{}}],"line":121},"18":{"loc":{"start":{"line":121,"column":10},"end":{"line":121,"column":73}},"type":"binary-expr","locations":[{"start":{"line":121,"column":10},"end":{"line":121,"column":35}},{"start":{"line":121,"column":35},"end":{"line":121,"column":61}},{"start":{"line":121,"column":61},"end":{"line":121,"column":73}}],"line":121},"19":{"loc":{"start":{"line":123,"column":8},"end":{"line":125,"column":null}},"type":"if","locations":[{"start":{"line":123,"column":8},"end":{"line":125,"column":null}},{"start":{},"end":{}}],"line":123},"20":{"loc":{"start":{"line":123,"column":12},"end":{"line":123,"column":70}},"type":"binary-expr","locations":[{"start":{"line":123,"column":12},"end":{"line":123,"column":34}},{"start":{"line":123,"column":34},"end":{"line":123,"column":70}}],"line":123},"21":{"loc":{"start":{"line":133,"column":8},"end":{"line":135,"column":null}},"type":"if","locations":[{"start":{"line":133,"column":8},"end":{"line":135,"column":null}},{"start":{},"end":{}}],"line":133},"22":{"loc":{"start":{"line":138,"column":11},"end":{"line":146,"column":null}},"type":"if","locations":[{"start":{"line":138,"column":11},"end":{"line":146,"column":null}},{"start":{"line":142,"column":11},"end":{"line":146,"column":null}}],"line":138},"23":{"loc":{"start":{"line":142,"column":11},"end":{"line":146,"column":null}},"type":"if","locations":[{"start":{"line":142,"column":11},"end":{"line":146,"column":null}},{"start":{},"end":{}}],"line":142},"24":{"loc":{"start":{"line":142,"column":15},"end":{"line":142,"column":51}},"type":"binary-expr","locations":[{"start":{"line":142,"column":15},"end":{"line":142,"column":24}},{"start":{"line":142,"column":24},"end":{"line":142,"column":51}}],"line":142},"25":{"loc":{"start":{"line":162,"column":2},"end":{"line":162,"column":null}},"type":"if","locations":[{"start":{"line":162,"column":2},"end":{"line":162,"column":null}},{"start":{},"end":{}}],"line":162},"26":{"loc":{"start":{"line":162,"column":6},"end":{"line":162,"column":45}},"type":"binary-expr","locations":[{"start":{"line":162,"column":6},"end":{"line":162,"column":17}},{"start":{"line":162,"column":17},"end":{"line":162,"column":45}}],"line":162},"27":{"loc":{"start":{"line":163,"column":2},"end":{"line":163,"column":null}},"type":"if","locations":[{"start":{"line":163,"column":2},"end":{"line":163,"column":null}},{"start":{},"end":{}}],"line":163},"28":{"loc":{"start":{"line":163,"column":6},"end":{"line":163,"column":45}},"type":"binary-expr","locations":[{"start":{"line":163,"column":6},"end":{"line":163,"column":17}},{"start":{"line":163,"column":17},"end":{"line":163,"column":45}}],"line":163},"29":{"loc":{"start":{"line":167,"column":4},"end":{"line":169,"column":null}},"type":"if","locations":[{"start":{"line":167,"column":4},"end":{"line":169,"column":null}},{"start":{},"end":{}}],"line":167},"30":{"loc":{"start":{"line":167,"column":8},"end":{"line":167,"column":77}},"type":"binary-expr","locations":[{"start":{"line":167,"column":8},"end":{"line":167,"column":31}},{"start":{"line":167,"column":31},"end":{"line":167,"column":56}},{"start":{"line":167,"column":56},"end":{"line":167,"column":77}}],"line":167},"31":{"loc":{"start":{"line":174,"column":4},"end":{"line":176,"column":null}},"type":"if","locations":[{"start":{"line":174,"column":4},"end":{"line":176,"column":null}},{"start":{},"end":{}}],"line":174},"32":{"loc":{"start":{"line":174,"column":8},"end":{"line":174,"column":55}},"type":"binary-expr","locations":[{"start":{"line":174,"column":8},"end":{"line":174,"column":30}},{"start":{"line":174,"column":30},"end":{"line":174,"column":55}}],"line":174},"33":{"loc":{"start":{"line":178,"column":4},"end":{"line":184,"column":null}},"type":"if","locations":[{"start":{"line":178,"column":4},"end":{"line":184,"column":null}},{"start":{"line":180,"column":11},"end":{"line":184,"column":null}}],"line":178},"34":{"loc":{"start":{"line":180,"column":11},"end":{"line":184,"column":null}},"type":"if","locations":[{"start":{"line":180,"column":11},"end":{"line":184,"column":null}},{"start":{"line":182,"column":11},"end":{"line":184,"column":null}}],"line":180},"35":{"loc":{"start":{"line":180,"column":15},"end":{"line":180,"column":105}},"type":"binary-expr","locations":[{"start":{"line":180,"column":15},"end":{"line":180,"column":28}},{"start":{"line":180,"column":28},"end":{"line":180,"column":61}},{"start":{"line":180,"column":61},"end":{"line":180,"column":74}},{"start":{"line":180,"column":74},"end":{"line":180,"column":105}}],"line":180}},"s":{"0":1,"1":25,"2":25,"3":25,"4":25,"5":23,"6":23,"7":23,"8":3,"9":3,"10":2,"11":2,"12":1,"13":1,"14":25,"15":25,"16":25,"17":23,"18":23,"19":23,"20":14,"21":8,"22":2,"23":1,"24":25,"25":13,"26":1,"27":12,"28":12,"29":12,"30":8,"31":10,"32":4,"33":2,"34":12,"35":4,"36":21,"37":1,"38":2,"39":21,"40":25,"41":76,"42":21,"43":19,"44":19,"45":3,"46":16,"47":16,"48":16,"49":1,"50":15,"51":55,"52":8,"53":9,"54":47,"55":44,"56":42,"57":25,"58":25,"59":78,"60":5,"61":73,"62":5,"63":68,"64":68,"65":94,"66":3,"67":91,"68":91,"69":91,"70":2,"71":89,"72":1,"73":88,"74":39,"75":49,"76":68},"f":{"0":25,"1":10,"2":2,"3":25,"4":76,"5":78},"b":{"0":[25],"1":[25],"2":[23,2],"3":[3,20],"4":[23,21],"5":[23,2],"6":[14,8],"7":[23,15],"8":[1,12],"9":[8,4],"10":[10,10],"11":[2,2],"12":[4,8],"13":[1,20],"14":[21,13],"15":[25],"16":[21,55],"17":[19,2],"18":[21,11,2],"19":[3,16],"20":[19,17],"21":[1,15],"22":[8,47],"23":[44,3],"24":[47,47],"25":[5,73],"26":[78,75],"27":[5,68],"28":[73,70],"29":[3,91],"30":[94,93,92],"31":[2,89],"32":[91,90],"33":[1,88],"34":[39,49],"35":[88,88,77,40]},"meta":{"lastBranch":36,"lastFunction":6,"lastStatement":77,"seen":{"s:4:17:15:Infinity":0,"f:25:16:25:27":0,"b:25:40:25:57":0,"b:25:68:25:74":1,"s:26:19:26:Infinity":1,"s:27:21:27:Infinity":2,"s:30:2:45:Infinity":3,"b:31:4:41:Infinity:38:11:41:Infinity":2,"s:31:4:41:Infinity":4,"s:32:26:32:Infinity":5,"s:33:6:33:Infinity":6,"b:34:6:37:Infinity:undefined:undefined:undefined:undefined":3,"s:34:6:37:Infinity":7,"b:34:10:34:27:34:27:34:61":4,"s:35:8:35:Infinity":8,"s:36:8:36:Infinity":9,"s:39:6:39:Infinity":10,"s:40:6:40:Infinity":11,"s:43:4:43:Infinity":12,"s:44:4:44:Infinity":13,"s:56:13:56:Infinity":14,"s:57:2:71:Infinity":15,"b:58:4:68:Infinity:66:11:68:Infinity":5,"s:58:4:68:Infinity":16,"s:59:26:59:Infinity":17,"s:60:25:60:Infinity":18,"b:61:6:65:Infinity:63:13:65:Infinity":6,"s:61:6:65:Infinity":19,"b:61:10:61:24:61:24:61:56":7,"s:62:8:62:Infinity":20,"s:64:8:64:Infinity":21,"s:67:6:67:Infinity":22,"s:70:4:70:Infinity":23,"s:81:2:96:Infinity":24,"b:82:4:84:Infinity:undefined:undefined:undefined:undefined":8,"s:82:4:84:Infinity":25,"s:83:6:83:Infinity":26,"s:85:25:85:Infinity":27,"s:86:17:86:Infinity":28,"b:87:4:91:Infinity:89:11:91:Infinity":9,"s:87:4:91:Infinity":29,"s:88:6:88:Infinity":30,"f:88:28:88:34":1,"s:88:40:88:84":31,"b:88:40:88:65:88:65:88:84":10,"b:89:11:91:Infinity:undefined:undefined:undefined:undefined":11,"s:89:11:91:Infinity":32,"s:90:6:90:Infinity":33,"b:93:4:95:Infinity:undefined:undefined:undefined:undefined":12,"s:93:4:95:Infinity":34,"s:94:6:94:Infinity":35,"b:99:2:101:Infinity:undefined:undefined:undefined:undefined":13,"s:99:2:101:Infinity":36,"b:99:6:99:54:99:24:99:62":14,"s:100:4:100:Infinity":37,"f:100:13:100:22":2,"s:100:28:100:65":38,"s:103:2:103:Infinity":39,"f:114:9:114:32":3,"b:114:62:114:66":15,"s:115:20:115:Infinity":40,"f:119:11:119:20":4,"b:120:4:146:Infinity:138:11:146:Infinity":16,"s:120:4:146:Infinity":41,"b:121:6:137:Infinity:undefined:undefined:undefined:undefined":17,"s:121:6:137:Infinity":42,"b:121:10:121:35:121:35:121:61:121:61:121:73":18,"s:122:30:122:Infinity":43,"b:123:8:125:Infinity:undefined:undefined:undefined:undefined":19,"s:123:8:125:Infinity":44,"b:123:12:123:34:123:34:123:70":20,"s:124:10:124:Infinity":45,"s:126:25:126:Infinity":46,"s:127:22:127:Infinity":47,"b:133:8:135:Infinity:undefined:undefined:undefined:undefined":21,"s:133:8:135:Infinity":48,"s:134:10:134:Infinity":49,"s:136:8:136:Infinity":50,"b:138:11:146:Infinity:142:11:146:Infinity":22,"s:138:11:146:Infinity":51,"s:139:6:141:Infinity":52,"s:140:8:140:Infinity":53,"b:142:11:146:Infinity:undefined:undefined:undefined:undefined":23,"s:142:11:146:Infinity":54,"b:142:15:142:24:142:24:142:51":24,"s:143:6:145:Infinity":55,"s:144:8:144:Infinity":56,"s:149:2:149:Infinity":57,"s:150:2:150:Infinity":58,"f:161:16:161:26":5,"b:162:2:162:Infinity:undefined:undefined:undefined:undefined":25,"s:162:2:162:Infinity":59,"b:162:6:162:17:162:17:162:45":26,"s:162:45:162:Infinity":60,"b:163:2:163:Infinity:undefined:undefined:undefined:undefined":27,"s:163:2:163:Infinity":61,"b:163:6:163:17:163:17:163:45":28,"s:163:45:163:Infinity":62,"s:165:17:165:Infinity":63,"s:166:2:185:Infinity":64,"b:167:4:169:Infinity:undefined:undefined:undefined:undefined":29,"s:167:4:169:Infinity":65,"b:167:8:167:31:167:31:167:56:167:56:167:77":30,"s:168:6:168:Infinity":66,"s:171:22:171:Infinity":67,"s:172:22:172:Infinity":68,"b:174:4:176:Infinity:undefined:undefined:undefined:undefined":31,"s:174:4:176:Infinity":69,"b:174:8:174:30:174:30:174:55":32,"s:175:6:175:Infinity":70,"b:178:4:184:Infinity:180:11:184:Infinity":33,"s:178:4:184:Infinity":71,"s:179:6:179:Infinity":72,"b:180:11:184:Infinity:182:11:184:Infinity":34,"s:180:11:184:Infinity":73,"b:180:15:180:28:180:28:180:61:180:61:180:74:180:74:180:105":35,"s:181:6:181:Infinity":74,"s:183:6:183:Infinity":75,"s:186:2:186:Infinity":76}}}
,"/home/lucky/stuff/to-del/LLM2Deck/src/database.js": {"path":"/home/lucky/stuff/to-del/LLM2Deck/src/database.js","statementMap":{"0":{"start":{"line":9,"column":13},"end":{"line":9,"column":17}},"1":{"start":{"line":17,"column":2},"end":{"line":19,"column":null}},"2":{"start":{"line":18,"column":4},"end":{"line":18,"column":null}},"3":{"start":{"line":20,"column":2},"end":{"line":20,"column":null}},"4":{"start":{"line":36,"column":2},"end":{"line":43,"column":null}},"5":{"start":{"line":37,"column":4},"end":{"line":41,"column":null}},"6":{"start":{"line":38,"column":6},"end":{"line":38,"column":null}},"7":{"start":{"line":42,"column":4},"end":{"line":42,"column":null}},"8":{"start":{"line":46,"column":14},"end":{"line":46,"column":34}},"9":{"start":{"line":47,"column":2},"end":{"line":49,"column":null}},"10":{"start":{"line":48,"column":4},"end":{"line":48,"column":null}},"11":{"start":{"line":51,"column":2},"end":{"line":51,"column":null}},"12":{"start":{"line":58,"column":2},"end":{"line":58,"column":null}},"13":{"start":{"line":59,"column":2},"end":{"line":59,"column":null}},"14":{"start":{"line":63,"column":20},"end":{"line":97,"column":3}},"15":{"start":{"line":99,"column":2},"end":{"line":99,"column":null}},"16":{"start":{"line":101,"column":2},"end":{"line":101,"column":null}},"17":{"start":{"line":108,"column":2},"end":{"line":111,"column":null}},"18":{"start":{"line":109,"column":4},"end":{"line":109,"column":null}},"19":{"start":{"line":110,"column":4},"end":{"line":110,"column":null}},"20":{"start":{"line":128,"column":13},"end":{"line":128,"column":20}},"21":{"start":{"line":129,"column":15},"end":{"line":132,"column":4}},"22":{"start":{"line":133,"column":2},"end":{"line":133,"column":null}},"23":{"start":{"line":145,"column":13},"end":{"line":145,"column":20}},"24":{"start":{"line":146,"column":15},"end":{"line":148,"column":4}},"25":{"start":{"line":149,"column":17},"end":{"line":149,"column":40}},"26":{"start":{"line":150,"column":2},"end":{"line":152,"column":null}},"27":{"start":{"line":151,"column":4},"end":{"line":151,"column":null}},"28":{"start":{"line":153,"column":2},"end":{"line":153,"column":null}},"29":{"start":{"line":163,"column":13},"end":{"line":163,"column":20}},"30":{"start":{"line":164,"column":15},"end":{"line":166,"column":4}},"31":{"start":{"line":167,"column":2},"end":{"line":167,"column":null}},"32":{"start":{"line":177,"column":13},"end":{"line":177,"column":20}},"33":{"start":{"line":178,"column":15},"end":{"line":180,"column":4}},"34":{"start":{"line":181,"column":2},"end":{"line":181,"column":null}},"35":{"start":{"line":200,"column":13},"end":{"line":200,"column":20}},"36":{"start":{"line":201,"column":15},"end":{"line":204,"column":4}},"37":{"start":{"line":205,"column":2},"end":{"line":205,"column":null}},"38":{"start":{"line":216,"column":13},"end":{"line":216,"column":20}},"39":{"start":{"line":217,"column":15},"end":{"line":222,"column":4}},"40":{"start":{"line":223,"column":2},"end":{"line":223,"column":null}},"41":{"start":{"line":233,"column":13},"end":{"line":233,"column":20}},"42":{"start":{"line":234,"column":15},"end":{"line":239,"column":4}},"43":{"start":{"line":240,"column":2},"end":{"line":240,"column":null}},"44":{"start":{"line":250,"column":13},"end":{"line":250,"column":20}},"45":{"start":{"line":251,"column":15},"end":{"line":253,"column":4}},"46":{"start":{"line":254,"column":2},"end":{"line":254,"column":null}},"47":{"start":{"line":273,"column":13},"end":{"line":273,"column":20}},"48":{"start":{"line":274,"column":15},"end":{"line":283,"column":4}},"49":{"start":{"line":284,"column":2},"end":{"line":284,"column":null}},"50":{"start":{"line":293,"column":13},"end":{"line":293,"column":20}},"51":{"start":{"line":294,"column":15},"end":{"line":296,"column":4}},"52":{"start":{"line":297,"column":2},"end":{"line":297,"column":null}},"53":{"start":{"line":306,"column":13},"end":{"line":306,"column":20}},"54":{"start":{"line":307,"column":15},"end":{"line":309,"column":4}},"55":{"start":{"line":310,"column":2},"end":{"line":310,"column":null}},"56":{"start":{"line":323,"column":13},"end":{"line":323,"column":20}},"57":{"start":{"line":325,"column":2},"end":{"line":325,"column":null}}},"fnMap":{"0":{"name":"getDb","decl":{"start":{"line":16,"column":16},"end":{"line":16,"column":21}},"loc":{"start":{"line":16,"column":24},"end":{"line":21,"column":null}},"line":16},"1":{"name":"initDatabase","decl":{"start":{"line":34,"column":16},"end":{"line":34,"column":28}},"loc":{"start":{"line":34,"column":37},"end":{"line":102,"column":null}},"line":34},"2":{"name":"closeDatabase","decl":{"start":{"line":107,"column":16},"end":{"line":107,"column":29}},"loc":{"start":{"line":107,"column":32},"end":{"line":112,"column":null}},"line":107},"3":{"name":"createRun","decl":{"start":{"line":125,"column":16},"end":{"line":125,"column":25}},"loc":{"start":{"line":127,"column":3},"end":{"line":134,"column":null}},"line":127},"4":{"name":"updateRunStatus","decl":{"start":{"line":144,"column":16},"end":{"line":144,"column":31}},"loc":{"start":{"line":144,"column":47},"end":{"line":154,"column":null}},"line":144},"5":{"name":"getRun","decl":{"start":{"line":162,"column":16},"end":{"line":162,"column":22}},"loc":{"start":{"line":162,"column":30},"end":{"line":168,"column":null}},"line":162},"6":{"name":"deleteRun","decl":{"start":{"line":176,"column":16},"end":{"line":176,"column":25}},"loc":{"start":{"line":176,"column":33},"end":{"line":182,"column":null}},"line":176},"7":{"name":"addPipelineStep","decl":{"start":{"line":197,"column":16},"end":{"line":197,"column":31}},"loc":{"start":{"line":199,"column":3},"end":{"line":206,"column":null}},"line":199},"8":{"name":"getPipelineSteps","decl":{"start":{"line":215,"column":16},"end":{"line":215,"column":32}},"loc":{"start":{"line":215,"column":52},"end":{"line":224,"column":null}},"line":215},"9":{"name":"getPipelineStepsForRun","decl":{"start":{"line":232,"column":16},"end":{"line":232,"column":38}},"loc":{"start":{"line":232,"column":46},"end":{"line":241,"column":null}},"line":232},"10":{"name":"getCache","decl":{"start":{"line":249,"column":16},"end":{"line":249,"column":24}},"loc":{"start":{"line":249,"column":35},"end":{"line":255,"column":null}},"line":249},"11":{"name":"setCache","decl":{"start":{"line":270,"column":16},"end":{"line":270,"column":24}},"loc":{"start":{"line":272,"column":3},"end":{"line":285,"column":null}},"line":272},"12":{"name":"clearCache","decl":{"start":{"line":292,"column":16},"end":{"line":292,"column":26}},"loc":{"start":{"line":292,"column":29},"end":{"line":298,"column":null}},"line":292},"13":{"name":"getCacheStats","decl":{"start":{"line":305,"column":16},"end":{"line":305,"column":29}},"loc":{"start":{"line":305,"column":32},"end":{"line":311,"column":null}},"line":305},"14":{"name":"transaction","decl":{"start":{"line":322,"column":16},"end":{"line":322,"column":27}},"loc":{"start":{"line":322,"column":38},"end":{"line":326,"column":null}},"line":322}},"branchMap":{"0":{"loc":{"start":{"line":17,"column":2},"end":{"line":19,"column":null}},"type":"if","locations":[{"start":{"line":17,"column":2},"end":{"line":19,"column":null}},{"start":{},"end":{}}],"line":17},"1":{"loc":{"start":{"line":36,"column":2},"end":{"line":43,"column":null}},"type":"if","locations":[{"start":{"line":36,"column":2},"end":{"line":43,"column":null}},{"start":{},"end":{}}],"line":36},"2":{"loc":{"start":{"line":47,"column":2},"end":{"line":49,"column":null}},"type":"if","locations":[{"start":{"line":47,"column":2},"end":{"line":49,"column":null}},{"start":{},"end":{}}],"line":47},"3":{"loc":{"start":{"line":108,"column":2},"end":{"line":111,"column":null}},"type":"if","locations":[{"start":{"line":108,"column":2},"end":{"line":111,"column":null}},{"start":{},"end":{}}],"line":108},"4":{"loc":{"start":{"line":150,"column":2},"end":{"line":152,"column":null}},"type":"if","locations":[{"start":{"line":150,"column":2},"end":{"line":152,"column":null}},{"start":{},"end":{}}],"line":150}},"s":{"0":2,"1":204,"2":1,"3":203,"4":19,"5":1,"6":1,"7":1,"8":19,"9":19,"10":1,"11":19,"12":19,"13":19,"14":19,"15":19,"16":19,"17":37,"18":18,"19":18,"20":13,"21":13,"22":13,"23":2,"24":2,"25":2,"26":2,"27":1,"28":1,"29":4,"30":4,"31":4,"32":1,"33":1,"34":1,"35":110,"36":110,"37":110,"38":3,"39":3,"40":3,"41":8,"42":8,"43":8,"44":18,"45":18,"46":18,"47":12,"48":12,"49":12,"50":21,"51":21,"52":21,"53":5,"54":5,"55":5,"56":4,"57":4},"f":{"0":204,"1":19,"2":37,"3":13,"4":2,"5":4,"6":1,"7":110,"8":3,"9":8,"10":18,"11":12,"12":21,"13":5,"14":4},"b":{"0":[1,203],"1":[1,18],"2":[1,18],"3":[18,19],"4":[1,1]},"meta":{"lastBranch":5,"lastFunction":15,"lastStatement":58,"seen":{"s:9:13:9:17":0,"f:16:16:16:21":0,"b:17:2:19:Infinity:undefined:undefined:undefined:undefined":0,"s:17:2:19:Infinity":1,"s:18:4:18:Infinity":2,"s:20:2:20:Infinity":3,"f:34:16:34:28":1,"b:36:2:43:Infinity:undefined:undefined:undefined:undefined":1,"s:36:2:43:Infinity":4,"s:37:4:41:Infinity":5,"s:38:6:38:Infinity":6,"s:42:4:42:Infinity":7,"s:46:14:46:34":8,"b:47:2:49:Infinity:undefined:undefined:undefined:undefined":2,"s:47:2:49:Infinity":9,"s:48:4:48:Infinity":10,"s:51:2:51:Infinity":11,"s:58:2:58:Infinity":12,"s:59:2:59:Infinity":13,"s:63:20:97:3":14,"s:99:2:99:Infinity":15,"s:101:2:101:Infinity":16,"f:107:16:107:29":2,"b:108:2:111:Infinity:undefined:undefined:undefined:undefined":3,"s:108:2:111:Infinity":17,"s:109:4:109:Infinity":18,"s:110:4:110:Infinity":19,"f:125:16:125:25":3,"s:128:13:128:20":20,"s:129:15:132:4":21,"s:133:2:133:Infinity":22,"f:144:16:144:31":4,"s:145:13:145:20":23,"s:146:15:148:4":24,"s:149:17:149:40":25,"b:150:2:152:Infinity:undefined:undefined:undefined:undefined":4,"s:150:2:152:Infinity":26,"s:151:4:151:Infinity":27,"s:153:2:153:Infinity":28,"f:162:16:162:22":5,"s:163:13:163:20":29,"s:164:15:166:4":30,"s:167:2:167:Infinity":31,"f:176:16:176:25":6,"s:177:13:177:20":32,"s:178:15:180:4":33,"s:181:2:181:Infinity":34,"f:197:16:197:31":7,"s:200:13:200:20":35,"s:201:15:204:4":36,"s:205:2:205:Infinity":37,"f:215:16:215:32":8,"s:216:13:216:20":38,"s:217:15:222:4":39,"s:223:2:223:Infinity":40,"f:232:16:232:38":9,"s:233:13:233:20":41,"s:234:15:239:4":42,"s:240:2:240:Infinity":43,"f:249:16:249:24":10,"s:250:13:250:20":44,"s:251:15:253:4":45,"s:254:2:254:Infinity":46,"f:270:16:270:24":11,"s:273:13:273:20":47,"s:274:15:283:4":48,"s:284:2:284:Infinity":49,"f:292:16:292:26":12,"s:293:13:293:20":50,"s:294:15:296:4":51,"s:297:2:297:Infinity":52,"f:305:16:305:29":13,"s:306:13:306:20":53,"s:307:15:309:4":54,"s:310:2:310:Infinity":55,"f:322:16:322:27":14,"s:323:13:323:20":56,"s:325:2:325:Infinity":57}}}
,"/home/lucky/stuff/to-del/LLM2Deck/src/ingestion.js": {"path":"/home/lucky/stuff/to-del/LLM2Deck/src/ingestion.js","statementMap":{"0":{"start":{"line":16,"column":2},"end":{"line":16,"column":null}},"1":{"start":{"line":16,"column":13},"end":{"line":16,"column":null}},"2":{"start":{"line":19,"column":18},"end":{"line":19,"column":53}},"3":{"start":{"line":22,"column":16},"end":{"line":22,"column":40}},"4":{"start":{"line":26,"column":2},"end":{"line":29,"column":null}},"5":{"start":{"line":27,"column":19},"end":{"line":27,"column":31}},"6":{"start":{"line":28,"column":16},"end":{"line":28,"column":68}},"7":{"start":{"line":40,"column":2},"end":{"line":66,"column":null}},"8":{"start":{"line":41,"column":19},"end":{"line":41,"column":46}},"9":{"start":{"line":47,"column":4},"end":{"line":61,"column":null}},"10":{"start":{"line":48,"column":26},"end":{"line":48,"column":67}},"11":{"start":{"line":49,"column":6},"end":{"line":49,"column":null}},"12":{"start":{"line":54,"column":6},"end":{"line":60,"column":null}},"13":{"start":{"line":55,"column":30},"end":{"line":55,"column":78}},"14":{"start":{"line":56,"column":8},"end":{"line":56,"column":null}},"15":{"start":{"line":58,"column":8},"end":{"line":58,"column":null}},"16":{"start":{"line":59,"column":8},"end":{"line":59,"column":null}},"17":{"start":{"line":64,"column":4},"end":{"line":64,"column":null}},"18":{"start":{"line":65,"column":4},"end":{"line":65,"column":null}},"19":{"start":{"line":78,"column":14},"end":{"line":78,"column":16}},"20":{"start":{"line":79,"column":2},"end":{"line":106,"column":null}},"21":{"start":{"line":80,"column":20},"end":{"line":80,"column":70}},"22":{"start":{"line":84,"column":25},"end":{"line":100,"column":6}},"23":{"start":{"line":86,"column":6},"end":{"line":88,"column":null}},"24":{"start":{"line":87,"column":8},"end":{"line":87,"column":null}},"25":{"start":{"line":90,"column":23},"end":{"line":90,"column":53}},"26":{"start":{"line":91,"column":6},"end":{"line":93,"column":7}},"27":{"start":{"line":92,"column":8},"end":{"line":92,"column":null}},"28":{"start":{"line":93,"column":8},"end":{"line":98,"column":null}},"29":{"start":{"line":94,"column":20},"end":{"line":94,"column":58}},"30":{"start":{"line":95,"column":8},"end":{"line":97,"column":null}},"31":{"start":{"line":96,"column":10},"end":{"line":96,"column":null}},"32":{"start":{"line":99,"column":6},"end":{"line":99,"column":null}},"33":{"start":{"line":102,"column":25},"end":{"line":102,"column":56}},"34":{"start":{"line":103,"column":4},"end":{"line":103,"column":null}},"35":{"start":{"line":105,"column":4},"end":{"line":105,"column":null}},"36":{"start":{"line":107,"column":2},"end":{"line":107,"column":null}},"37":{"start":{"line":118,"column":23},"end":{"line":118,"column":45}},"38":{"start":{"line":121,"column":16},"end":{"line":121,"column":43}},"39":{"start":{"line":122,"column":2},"end":{"line":124,"column":null}},"40":{"start":{"line":123,"column":4},"end":{"line":123,"column":null}},"41":{"start":{"line":126,"column":28},"end":{"line":126,"column":81}},"42":{"start":{"line":127,"column":20},"end":{"line":127,"column":72}},"43":{"start":{"line":129,"column":22},"end":{"line":129,"column":49}},"44":{"start":{"line":130,"column":18},"end":{"line":130,"column":20}},"45":{"start":{"line":132,"column":2},"end":{"line":168,"column":null}},"46":{"start":{"line":133,"column":20},"end":{"line":133,"column":56}},"47":{"start":{"line":136,"column":4},"end":{"line":138,"column":null}},"48":{"start":{"line":137,"column":6},"end":{"line":137,"column":null}},"49":{"start":{"line":141,"column":25},"end":{"line":141,"column":62}},"50":{"start":{"line":142,"column":18},"end":{"line":142,"column":46}},"51":{"start":{"line":147,"column":26},"end":{"line":147,"column":49}},"52":{"start":{"line":148,"column":16},"end":{"line":148,"column":43}},"53":{"start":{"line":149,"column":31},"end":{"line":149,"column":88}},"54":{"start":{"line":152,"column":21},"end":{"line":152,"column":44}},"55":{"start":{"line":153,"column":27},"end":{"line":159,"column":6}},"56":{"start":{"line":154,"column":17},"end":{"line":154,"column":21}},"57":{"start":{"line":155,"column":6},"end":{"line":157,"column":null}},"58":{"start":{"line":156,"column":8},"end":{"line":156,"column":null}},"59":{"start":{"line":158,"column":6},"end":{"line":158,"column":null}},"60":{"start":{"line":161,"column":21},"end":{"line":161,"column":46}},"61":{"start":{"line":163,"column":4},"end":{"line":167,"column":null}},"62":{"start":{"line":170,"column":2},"end":{"line":170,"column":null}},"63":{"start":{"line":180,"column":2},"end":{"line":212,"column":null}},"64":{"start":{"line":181,"column":16},"end":{"line":181,"column":38}},"65":{"start":{"line":182,"column":4},"end":{"line":184,"column":null}},"66":{"start":{"line":183,"column":6},"end":{"line":183,"column":null}},"67":{"start":{"line":185,"column":4},"end":{"line":187,"column":null}},"68":{"start":{"line":186,"column":6},"end":{"line":186,"column":null}},"69":{"start":{"line":188,"column":4},"end":{"line":190,"column":null}},"70":{"start":{"line":189,"column":6},"end":{"line":189,"column":null}},"71":{"start":{"line":192,"column":4},"end":{"line":207,"column":null}},"72":{"start":{"line":193,"column":6},"end":{"line":195,"column":null}},"73":{"start":{"line":194,"column":8},"end":{"line":194,"column":null}},"74":{"start":{"line":196,"column":6},"end":{"line":198,"column":null}},"75":{"start":{"line":197,"column":8},"end":{"line":197,"column":null}},"76":{"start":{"line":199,"column":6},"end":{"line":201,"column":null}},"77":{"start":{"line":200,"column":8},"end":{"line":200,"column":null}},"78":{"start":{"line":202,"column":6},"end":{"line":206,"column":null}},"79":{"start":{"line":203,"column":8},"end":{"line":205,"column":null}},"80":{"start":{"line":204,"column":10},"end":{"line":204,"column":null}},"81":{"start":{"line":209,"column":4},"end":{"line":209,"column":null}},"82":{"start":{"line":211,"column":4},"end":{"line":211,"column":null}},"83":{"start":{"line":222,"column":18},"end":{"line":222,"column":53}},"84":{"start":{"line":223,"column":2},"end":{"line":223,"column":null}}},"fnMap":{"0":{"name":"formatNamespaceComponent","decl":{"start":{"line":15,"column":16},"end":{"line":15,"column":40}},"loc":{"start":{"line":15,"column":47},"end":{"line":30,"column":null}},"line":15},"1":{"name":"(anonymous_1)","decl":{"start":{"line":27,"column":12},"end":{"line":27,"column":13}},"loc":{"start":{"line":27,"column":19},"end":{"line":27,"column":31}},"line":27},"2":{"name":"(anonymous_2)","decl":{"start":{"line":28,"column":9},"end":{"line":28,"column":10}},"loc":{"start":{"line":28,"column":16},"end":{"line":28,"column":68}},"line":28},"3":{"name":"readFileWithFallback","decl":{"start":{"line":39,"column":22},"end":{"line":39,"column":42}},"loc":{"start":{"line":39,"column":53},"end":{"line":67,"column":null}},"line":39},"4":{"name":"walkDirectory","decl":{"start":{"line":77,"column":15},"end":{"line":77,"column":28}},"loc":{"start":{"line":77,"column":57},"end":{"line":108,"column":null}},"line":77},"5":{"name":"(anonymous_5)","decl":{"start":{"line":84,"column":37},"end":{"line":84,"column":42}},"loc":{"start":{"line":84,"column":54},"end":{"line":100,"column":5}},"line":84},"6":{"name":"ingestDirectory","decl":{"start":{"line":117,"column":22},"end":{"line":117,"column":37}},"loc":{"start":{"line":117,"column":48},"end":{"line":171,"column":null}},"line":117},"7":{"name":"(anonymous_7)","decl":{"start":{"line":153,"column":40},"end":{"line":153,"column":41}},"loc":{"start":{"line":153,"column":57},"end":{"line":159,"column":5}},"line":153},"8":{"name":"parsePreset","decl":{"start":{"line":179,"column":16},"end":{"line":179,"column":27}},"loc":{"start":{"line":179,"column":41},"end":{"line":213,"column":null}},"line":179},"9":{"name":"loadPreset","decl":{"start":{"line":221,"column":22},"end":{"line":221,"column":32}},"loc":{"start":{"line":221,"column":43},"end":{"line":224,"column":null}},"line":221}},"branchMap":{"0":{"loc":{"start":{"line":16,"column":2},"end":{"line":16,"column":null}},"type":"if","locations":[{"start":{"line":16,"column":2},"end":{"line":16,"column":null}},{"start":{},"end":{}}],"line":16},"1":{"loc":{"start":{"line":86,"column":6},"end":{"line":88,"column":null}},"type":"if","locations":[{"start":{"line":86,"column":6},"end":{"line":88,"column":null}},{"start":{},"end":{}}],"line":86},"2":{"loc":{"start":{"line":91,"column":6},"end":{"line":93,"column":7}},"type":"if","locations":[{"start":{"line":91,"column":6},"end":{"line":93,"column":7}},{"start":{},"end":{}}],"line":91},"3":{"loc":{"start":{"line":93,"column":8},"end":{"line":98,"column":null}},"type":"if","locations":[{"start":{"line":93,"column":8},"end":{"line":98,"column":null}},{"start":{},"end":{}}],"line":93},"4":{"loc":{"start":{"line":95,"column":8},"end":{"line":97,"column":null}},"type":"if","locations":[{"start":{"line":95,"column":8},"end":{"line":97,"column":null}},{"start":{},"end":{}}],"line":95},"5":{"loc":{"start":{"line":122,"column":2},"end":{"line":124,"column":null}},"type":"if","locations":[{"start":{"line":122,"column":2},"end":{"line":124,"column":null}},{"start":{},"end":{}}],"line":122},"6":{"loc":{"start":{"line":136,"column":4},"end":{"line":138,"column":null}},"type":"if","locations":[{"start":{"line":136,"column":4},"end":{"line":138,"column":null}},{"start":{},"end":{}}],"line":136},"7":{"loc":{"start":{"line":136,"column":8},"end":{"line":136,"column":55}},"type":"binary-expr","locations":[{"start":{"line":136,"column":8},"end":{"line":136,"column":24}},{"start":{"line":136,"column":28},"end":{"line":136,"column":55}}],"line":136},"8":{"loc":{"start":{"line":155,"column":6},"end":{"line":157,"column":null}},"type":"if","locations":[{"start":{"line":155,"column":6},"end":{"line":157,"column":null}},{"start":{},"end":{}}],"line":155},"9":{"loc":{"start":{"line":182,"column":4},"end":{"line":184,"column":null}},"type":"if","locations":[{"start":{"line":182,"column":4},"end":{"line":184,"column":null}},{"start":{},"end":{}}],"line":182},"10":{"loc":{"start":{"line":182,"column":8},"end":{"line":182,"column":39}},"type":"binary-expr","locations":[{"start":{"line":182,"column":8},"end":{"line":182,"column":12}},{"start":{"line":182,"column":16},"end":{"line":182,"column":39}}],"line":182},"11":{"loc":{"start":{"line":185,"column":4},"end":{"line":187,"column":null}},"type":"if","locations":[{"start":{"line":185,"column":4},"end":{"line":187,"column":null}},{"start":{},"end":{}}],"line":185},"12":{"loc":{"start":{"line":185,"column":8},"end":{"line":185,"column":68}},"type":"binary-expr","locations":[{"start":{"line":185,"column":8},"end":{"line":185,"column":36}},{"start":{"line":185,"column":40},"end":{"line":185,"column":68}}],"line":185},"13":{"loc":{"start":{"line":188,"column":4},"end":{"line":190,"column":null}},"type":"if","locations":[{"start":{"line":188,"column":4},"end":{"line":190,"column":null}},{"start":{},"end":{}}],"line":188},"14":{"loc":{"start":{"line":193,"column":6},"end":{"line":195,"column":null}},"type":"if","locations":[{"start":{"line":193,"column":6},"end":{"line":195,"column":null}},{"start":{},"end":{}}],"line":193},"15":{"loc":{"start":{"line":193,"column":10},"end":{"line":193,"column":51}},"type":"binary-expr","locations":[{"start":{"line":193,"column":10},"end":{"line":193,"column":19}},{"start":{"line":193,"column":23},"end":{"line":193,"column":51}}],"line":193},"16":{"loc":{"start":{"line":196,"column":6},"end":{"line":198,"column":null}},"type":"if","locations":[{"start":{"line":196,"column":6},"end":{"line":198,"column":null}},{"start":{},"end":{}}],"line":196},"17":{"loc":{"start":{"line":196,"column":10},"end":{"line":196,"column":80}},"type":"binary-expr","locations":[{"start":{"line":196,"column":10},"end":{"line":196,"column":43}},{"start":{"line":196,"column":47},"end":{"line":196,"column":80}}],"line":196},"18":{"loc":{"start":{"line":199,"column":6},"end":{"line":201,"column":null}},"type":"if","locations":[{"start":{"line":199,"column":6},"end":{"line":201,"column":null}},{"start":{},"end":{}}],"line":199},"19":{"loc":{"start":{"line":203,"column":8},"end":{"line":205,"column":null}},"type":"if","locations":[{"start":{"line":203,"column":8},"end":{"line":205,"column":null}},{"start":{},"end":{}}],"line":203},"20":{"loc":{"start":{"line":203,"column":12},"end":{"line":203,"column":66}},"type":"binary-expr","locations":[{"start":{"line":203,"column":12},"end":{"line":203,"column":37}},{"start":{"line":203,"column":41},"end":{"line":203,"column":66}}],"line":203}},"s":{"0":70,"1":2,"2":68,"3":68,"4":68,"5":134,"6":129,"7":26,"8":26,"9":23,"10":23,"11":23,"12":2,"13":2,"14":2,"15":1,"16":1,"17":3,"18":3,"19":26,"20":26,"21":26,"22":25,"23":35,"24":2,"25":33,"26":33,"27":13,"28":20,"29":19,"30":19,"31":18,"32":2,"33":25,"34":25,"35":1,"36":26,"37":15,"38":15,"39":14,"40":1,"41":13,"42":13,"43":13,"44":13,"45":13,"46":18,"47":18,"48":2,"49":16,"50":16,"51":16,"52":16,"53":16,"54":16,"55":16,"56":44,"57":44,"58":16,"59":44,"60":16,"61":16,"62":13,"63":19,"64":19,"65":19,"66":4,"67":14,"68":1,"69":13,"70":1,"71":12,"72":12,"73":2,"74":10,"75":1,"76":9,"77":2,"78":7,"79":7,"80":2,"81":5,"82":14,"83":2,"84":1},"f":{"0":70,"1":134,"2":129,"3":26,"4":26,"5":35,"6":15,"7":44,"8":19,"9":2},"b":{"0":[2,68],"1":[2,33],"2":[13,20],"3":[19,1],"4":[18,1],"5":[1,13],"6":[2,16],"7":[18,17],"8":[16,28],"9":[4,15],"10":[19,16],"11":[1,13],"12":[14,13],"13":[1,12],"14":[2,10],"15":[12,11],"16":[1,9],"17":[10,10],"18":[2,7],"19":[2,5],"20":[7,6]},"meta":{"lastBranch":21,"lastFunction":10,"lastStatement":85,"seen":{"f:15:16:15:40":0,"b:16:2:16:Infinity:undefined:undefined:undefined:undefined":0,"s:16:2:16:Infinity":0,"s:16:13:16:Infinity":1,"s:19:18:19:53":2,"s:22:16:22:40":3,"s:26:2:29:Infinity":4,"f:27:12:27:13":1,"s:27:19:27:31":5,"f:28:9:28:10":2,"s:28:16:28:68":6,"f:39:22:39:42":3,"s:40:2:66:Infinity":7,"s:41:19:41:46":8,"s:47:4:61:Infinity":9,"s:48:26:48:67":10,"s:49:6:49:Infinity":11,"s:54:6:60:Infinity":12,"s:55:30:55:78":13,"s:56:8:56:Infinity":14,"s:58:8:58:Infinity":15,"s:59:8:59:Infinity":16,"s:64:4:64:Infinity":17,"s:65:4:65:Infinity":18,"f:77:15:77:28":4,"s:78:14:78:16":19,"s:79:2:106:Infinity":20,"s:80:20:80:70":21,"s:84:25:100:6":22,"f:84:37:84:42":5,"b:86:6:88:Infinity:undefined:undefined:undefined:undefined":1,"s:86:6:88:Infinity":23,"s:87:8:87:Infinity":24,"s:90:23:90:53":25,"b:91:6:93:7:undefined:undefined:undefined:undefined":2,"s:91:6:93:7":26,"s:92:8:92:Infinity":27,"b:93:8:98:Infinity:undefined:undefined:undefined:undefined":3,"s:93:8:98:Infinity":28,"s:94:20:94:58":29,"b:95:8:97:Infinity:undefined:undefined:undefined:undefined":4,"s:95:8:97:Infinity":30,"s:96:10:96:Infinity":31,"s:99:6:99:Infinity":32,"s:102:25:102:56":33,"s:103:4:103:Infinity":34,"s:105:4:105:Infinity":35,"s:107:2:107:Infinity":36,"f:117:22:117:37":6,"s:118:23:118:45":37,"s:121:16:121:43":38,"b:122:2:124:Infinity:undefined:undefined:undefined:undefined":5,"s:122:2:124:Infinity":39,"s:123:4:123:Infinity":40,"s:126:28:126:81":41,"s:127:20:127:72":42,"s:129:22:129:49":43,"s:130:18:130:20":44,"s:132:2:168:Infinity":45,"s:133:20:133:56":46,"b:136:4:138:Infinity:undefined:undefined:undefined:undefined":6,"s:136:4:138:Infinity":47,"b:136:8:136:24:136:28:136:55":7,"s:137:6:137:Infinity":48,"s:141:25:141:62":49,"s:142:18:142:46":50,"s:147:26:147:49":51,"s:148:16:148:43":52,"s:149:31:149:88":53,"s:152:21:152:44":54,"s:153:27:159:6":55,"f:153:40:153:41":7,"s:154:17:154:21":56,"b:155:6:157:Infinity:undefined:undefined:undefined:undefined":8,"s:155:6:157:Infinity":57,"s:156:8:156:Infinity":58,"s:158:6:158:Infinity":59,"s:161:21:161:46":60,"s:163:4:167:Infinity":61,"s:170:2:170:Infinity":62,"f:179:16:179:27":8,"s:180:2:212:Infinity":63,"s:181:16:181:38":64,"b:182:4:184:Infinity:undefined:undefined:undefined:undefined":9,"s:182:4:184:Infinity":65,"b:182:8:182:12:182:16:182:39":10,"s:183:6:183:Infinity":66,"b:185:4:187:Infinity:undefined:undefined:undefined:undefined":11,"s:185:4:187:Infinity":67,"b:185:8:185:36:185:40:185:68":12,"s:186:6:186:Infinity":68,"b:188:4:190:Infinity:undefined:undefined:undefined:undefined":13,"s:188:4:190:Infinity":69,"s:189:6:189:Infinity":70,"s:192:4:207:Infinity":71,"b:193:6:195:Infinity:undefined:undefined:undefined:undefined":14,"s:193:6:195:Infinity":72,"b:193:10:193:19:193:23:193:51":15,"s:194:8:194:Infinity":73,"b:196:6:198:Infinity:undefined:undefined:undefined:undefined":16,"s:196:6:198:Infinity":74,"b:196:10:196:43:196:47:196:80":17,"s:197:8:197:Infinity":75,"b:199:6:201:Infinity:undefined:undefined:undefined:undefined":18,"s:199:6:201:Infinity":76,"s:200:8:200:Infinity":77,"s:202:6:206:Infinity":78,"b:203:8:205:Infinity:undefined:undefined:undefined:undefined":19,"s:203:8:205:Infinity":79,"b:203:12:203:37:203:41:203:66":20,"s:204:10:204:Infinity":80,"s:209:4:209:Infinity":81,"s:211:4:211:Infinity":82,"f:221:22:221:32":9,"s:222:18:222:53":83,"s:223:2:223:Infinity":84}}}
,"/home/lucky/stuff/to-del/LLM2Deck/src/providers.js": {"path":"/home/lucky/stuff/to-del/LLM2Deck/src/providers.js","statementMap":{"0":{"start":{"line":7,"column":21},"end":{"line":7,"column":30}},"1":{"start":{"line":13,"column":2},"end":{"line":13,"column":null}},"2":{"start":{"line":31,"column":15},"end":{"line":37,"column":4}},"3":{"start":{"line":38,"column":2},"end":{"line":38,"column":null}},"4":{"start":{"line":48,"column":15},"end":{"line":48,"column":39}},"5":{"start":{"line":49,"column":2},"end":{"line":49,"column":null}},"6":{"start":{"line":59,"column":2},"end":{"line":65,"column":null}},"7":{"start":{"line":60,"column":17},"end":{"line":60,"column":36}},"8":{"start":{"line":61,"column":4},"end":{"line":61,"column":null}},"9":{"start":{"line":64,"column":4},"end":{"line":64,"column":null}},"10":{"start":{"line":81,"column":2},"end":{"line":87,"column":null}},"11":{"start":{"line":82,"column":3},"end":{"line":84,"column":null}},"12":{"start":{"line":98,"column":18},"end":{"line":98,"column":27}},"13":{"start":{"line":99,"column":28},"end":{"line":99,"column":63}},"14":{"start":{"line":101,"column":2},"end":{"line":125,"column":null}},"15":{"start":{"line":102,"column":27},"end":{"line":102,"column":59}},"16":{"start":{"line":103,"column":20},"end":{"line":103,"column":43}},"17":{"start":{"line":104,"column":23},"end":{"line":104,"column":78}},"18":{"start":{"line":107,"column":17},"end":{"line":107,"column":25}},"19":{"start":{"line":108,"column":4},"end":{"line":116,"column":null}},"20":{"start":{"line":109,"column":27},"end":{"line":109,"column":41}},"21":{"start":{"line":110,"column":6},"end":{"line":115,"column":null}},"22":{"start":{"line":111,"column":27},"end":{"line":111,"column":39}},"23":{"start":{"line":112,"column":8},"end":{"line":112,"column":null}},"24":{"start":{"line":113,"column":13},"end":{"line":115,"column":null}},"25":{"start":{"line":114,"column":8},"end":{"line":114,"column":null}},"26":{"start":{"line":118,"column":19},"end":{"line":122,"column":6}},"27":{"start":{"line":124,"column":4},"end":{"line":124,"column":null}},"28":{"start":{"line":127,"column":2},"end":{"line":127,"column":null}},"29":{"start":{"line":138,"column":27},"end":{"line":138,"column":63}},"30":{"start":{"line":139,"column":23},"end":{"line":139,"column":57}},"31":{"start":{"line":141,"column":15},"end":{"line":141,"column":40}},"32":{"start":{"line":142,"column":22},"end":{"line":142,"column":23}},"33":{"start":{"line":144,"column":2},"end":{"line":159,"column":null}},"34":{"start":{"line":144,"column":17},"end":{"line":159,"column":4}},"35":{"start":{"line":145,"column":20},"end":{"line":145,"column":39}},"36":{"start":{"line":146,"column":4},"end":{"line":157,"column":null}},"37":{"start":{"line":147,"column":18},"end":{"line":147,"column":28}},"38":{"start":{"line":148,"column":24},"end":{"line":148,"column":47}},"39":{"start":{"line":149,"column":19},"end":{"line":149,"column":34}},"40":{"start":{"line":151,"column":6},"end":{"line":156,"column":null}},"41":{"start":{"line":152,"column":8},"end":{"line":152,"column":null}},"42":{"start":{"line":153,"column":8},"end":{"line":153,"column":null}},"43":{"start":{"line":153,"column":41},"end":{"line":153,"column":67}},"44":{"start":{"line":155,"column":8},"end":{"line":155,"column":null}},"45":{"start":{"line":158,"column":4},"end":{"line":158,"column":null}},"46":{"start":{"line":170,"column":2},"end":{"line":172,"column":null}},"47":{"start":{"line":171,"column":4},"end":{"line":171,"column":null}},"48":{"start":{"line":173,"column":19},"end":{"line":173,"column":43}},"49":{"start":{"line":174,"column":2},"end":{"line":176,"column":null}},"50":{"start":{"line":175,"column":4},"end":{"line":175,"column":null}},"51":{"start":{"line":177,"column":19},"end":{"line":177,"column":53}},"52":{"start":{"line":178,"column":16},"end":{"line":178,"column":51}},"53":{"start":{"line":179,"column":2},"end":{"line":179,"column":null}},"54":{"start":{"line":211,"column":19},"end":{"line":213,"column":4}},"55":{"start":{"line":214,"column":25},"end":{"line":214,"column":51}},"56":{"start":{"line":215,"column":2},"end":{"line":217,"column":null}},"57":{"start":{"line":216,"column":4},"end":{"line":216,"column":null}},"58":{"start":{"line":219,"column":17},"end":{"line":219,"column":38}},"59":{"start":{"line":220,"column":2},"end":{"line":222,"column":null}},"60":{"start":{"line":221,"column":4},"end":{"line":221,"column":null}},"61":{"start":{"line":224,"column":25},"end":{"line":224,"column":57}},"62":{"start":{"line":225,"column":26},"end":{"line":225,"column":37}},"63":{"start":{"line":226,"column":2},"end":{"line":230,"column":null}},"64":{"start":{"line":227,"column":4},"end":{"line":229,"column":null}},"65":{"start":{"line":233,"column":17},"end":{"line":237,"column":3}},"66":{"start":{"line":239,"column":2},"end":{"line":244,"column":null}},"67":{"start":{"line":240,"column":4},"end":{"line":243,"column":null}},"68":{"start":{"line":247,"column":18},"end":{"line":247,"column":20}},"69":{"start":{"line":248,"column":23},"end":{"line":248,"column":37}},"70":{"start":{"line":249,"column":2},"end":{"line":257,"column":null}},"71":{"start":{"line":250,"column":4},"end":{"line":256,"column":null}},"72":{"start":{"line":251,"column":22},"end":{"line":251,"column":53}},"73":{"start":{"line":252,"column":6},"end":{"line":252,"column":null}},"74":{"start":{"line":253,"column":6},"end":{"line":253,"column":null}},"75":{"start":{"line":254,"column":11},"end":{"line":256,"column":null}},"76":{"start":{"line":255,"column":6},"end":{"line":255,"column":null}},"77":{"start":{"line":259,"column":21},"end":{"line":259,"column":76}},"78":{"start":{"line":260,"column":2},"end":{"line":262,"column":null}},"79":{"start":{"line":261,"column":4},"end":{"line":261,"column":null}},"80":{"start":{"line":265,"column":16},"end":{"line":265,"column":17}},"81":{"start":{"line":266,"column":20},"end":{"line":266,"column":24}},"82":{"start":{"line":267,"column":19},"end":{"line":267,"column":24}},"83":{"start":{"line":269,"column":2},"end":{"line":311,"column":null}},"84":{"start":{"line":270,"column":4},"end":{"line":310,"column":null}},"85":{"start":{"line":271,"column":25},"end":{"line":273,"column":7}},"86":{"start":{"line":272,"column":14},"end":{"line":272,"column":61}},"87":{"start":{"line":274,"column":22},"end":{"line":274,"column":63}},"88":{"start":{"line":276,"column":6},"end":{"line":278,"column":null}},"89":{"start":{"line":277,"column":8},"end":{"line":277,"column":null}},"90":{"start":{"line":281,"column":25},"end":{"line":281,"column":52}},"91":{"start":{"line":282,"column":6},"end":{"line":284,"column":null}},"92":{"start":{"line":286,"column":6},"end":{"line":286,"column":null}},"93":{"start":{"line":288,"column":6},"end":{"line":288,"column":null}},"94":{"start":{"line":289,"column":6},"end":{"line":291,"column":null}},"95":{"start":{"line":290,"column":8},"end":{"line":290,"column":null}},"96":{"start":{"line":295,"column":24},"end":{"line":295,"column":29}},"97":{"start":{"line":296,"column":6},"end":{"line":302,"column":null}},"98":{"start":{"line":297,"column":8},"end":{"line":299,"column":null}},"99":{"start":{"line":298,"column":10},"end":{"line":298,"column":null}},"100":{"start":{"line":301,"column":8},"end":{"line":301,"column":null}},"101":{"start":{"line":304,"column":6},"end":{"line":306,"column":null}},"102":{"start":{"line":305,"column":8},"end":{"line":305,"column":null}},"103":{"start":{"line":308,"column":20},"end":{"line":308,"column":64}},"104":{"start":{"line":309,"column":6},"end":{"line":309,"column":null}},"105":{"start":{"line":309,"column":39},"end":{"line":309,"column":66}}},"fnMap":{"0":{"name":"_resetKeyCounters","decl":{"start":{"line":12,"column":16},"end":{"line":12,"column":33}},"loc":{"start":{"line":12,"column":36},"end":{"line":14,"column":null}},"line":12},"1":{"name":"computeCacheKey","decl":{"start":{"line":28,"column":16},"end":{"line":28,"column":31}},"loc":{"start":{"line":30,"column":3},"end":{"line":39,"column":null}},"line":30},"2":{"name":"computePromptHash","decl":{"start":{"line":47,"column":16},"end":{"line":47,"column":33}},"loc":{"start":{"line":47,"column":44},"end":{"line":50,"column":null}},"line":47},"3":{"name":"checkCache","decl":{"start":{"line":58,"column":22},"end":{"line":58,"column":32}},"loc":{"start":{"line":58,"column":43},"end":{"line":66,"column":null}},"line":58},"4":{"name":"writeCache","decl":{"start":{"line":78,"column":22},"end":{"line":78,"column":32}},"loc":{"start":{"line":80,"column":3},"end":{"line":88,"column":null}},"line":80},"5":{"name":"createProviderClients","decl":{"start":{"line":97,"column":16},"end":{"line":97,"column":37}},"loc":{"start":{"line":97,"column":52},"end":{"line":128,"column":null}},"line":97},"6":{"name":"createThrottledFetcher","decl":{"start":{"line":137,"column":16},"end":{"line":137,"column":38}},"loc":{"start":{"line":137,"column":47},"end":{"line":160,"column":null}},"line":137},"7":{"name":"(anonymous_7)","decl":{"start":{"line":144,"column":9},"end":{"line":144,"column":10}},"loc":{"start":{"line":144,"column":17},"end":{"line":159,"column":4}},"line":144},"8":{"name":"(anonymous_8)","decl":{"start":{"line":144,"column":23},"end":{"line":144,"column":28}},"loc":{"start":{"line":144,"column":35},"end":{"line":159,"column":3}},"line":144},"9":{"name":"(anonymous_9)","decl":{"start":{"line":153,"column":26},"end":{"line":153,"column":27}},"loc":{"start":{"line":153,"column":39},"end":{"line":153,"column":69}},"line":153},"10":{"name":"resolveProviderModel","decl":{"start":{"line":169,"column":16},"end":{"line":169,"column":36}},"loc":{"start":{"line":169,"column":50},"end":{"line":180,"column":null}},"line":169},"11":{"name":"callLLM","decl":{"start":{"line":198,"column":22},"end":{"line":198,"column":29}},"loc":{"start":{"line":209,"column":3},"end":{"line":312,"column":null}},"line":209},"12":{"name":"(anonymous_12)","decl":{"start":{"line":272,"column":8},"end":{"line":272,"column":9}},"loc":{"start":{"line":272,"column":14},"end":{"line":272,"column":61}},"line":272},"13":{"name":"(anonymous_13)","decl":{"start":{"line":309,"column":24},"end":{"line":309,"column":25}},"loc":{"start":{"line":309,"column":37},"end":{"line":309,"column":68}},"line":309}},"branchMap":{"0":{"loc":{"start":{"line":35,"column":17},"end":{"line":35,"column":63}},"type":"cond-expr","locations":[{"start":{"line":35,"column":45},"end":{"line":35,"column":56}},{"start":{"line":35,"column":59},"end":{"line":35,"column":63}}],"line":35},"1":{"loc":{"start":{"line":36,"column":12},"end":{"line":36,"column":48}},"type":"cond-expr","locations":[{"start":{"line":36,"column":35},"end":{"line":36,"column":41}},{"start":{"line":36,"column":44},"end":{"line":36,"column":48}}],"line":36},"2":{"loc":{"start":{"line":61,"column":11},"end":{"line":61,"column":40}},"type":"cond-expr","locations":[{"start":{"line":61,"column":19},"end":{"line":61,"column":33}},{"start":{"line":61,"column":36},"end":{"line":61,"column":40}}],"line":61},"3":{"loc":{"start":{"line":99,"column":40},"end":{"line":99,"column":62}},"type":"binary-expr","locations":[{"start":{"line":99,"column":40},"end":{"line":99,"column":56}},{"start":{"line":99,"column":60},"end":{"line":99,"column":62}}],"line":99},"4":{"loc":{"start":{"line":102,"column":27},"end":{"line":102,"column":59}},"type":"binary-expr","locations":[{"start":{"line":102,"column":27},"end":{"line":102,"column":53}},{"start":{"line":102,"column":57},"end":{"line":102,"column":59}}],"line":102},"5":{"loc":{"start":{"line":104,"column":23},"end":{"line":104,"column":78}},"type":"binary-expr","locations":[{"start":{"line":104,"column":23},"end":{"line":104,"column":45}},{"start":{"line":104,"column":49},"end":{"line":104,"column":78}}],"line":104},"6":{"loc":{"start":{"line":108,"column":4},"end":{"line":116,"column":null}},"type":"if","locations":[{"start":{"line":108,"column":4},"end":{"line":116,"column":null}},{"start":{},"end":{}}],"line":108},"7":{"loc":{"start":{"line":110,"column":6},"end":{"line":115,"column":null}},"type":"if","locations":[{"start":{"line":110,"column":6},"end":{"line":115,"column":null}},{"start":{"line":113,"column":13},"end":{"line":115,"column":null}}],"line":110},"8":{"loc":{"start":{"line":110,"column":10},"end":{"line":110,"column":64}},"type":"binary-expr","locations":[{"start":{"line":110,"column":10},"end":{"line":110,"column":37}},{"start":{"line":110,"column":41},"end":{"line":110,"column":64}}],"line":110},"9":{"loc":{"start":{"line":113,"column":13},"end":{"line":115,"column":null}},"type":"if","locations":[{"start":{"line":113,"column":13},"end":{"line":115,"column":null}},{"start":{},"end":{}}],"line":113},"10":{"loc":{"start":{"line":113,"column":17},"end":{"line":113,"column":83}},"type":"binary-expr","locations":[{"start":{"line":113,"column":17},"end":{"line":113,"column":49}},{"start":{"line":113,"column":53},"end":{"line":113,"column":83}}],"line":113},"11":{"loc":{"start":{"line":121,"column":15},"end":{"line":121,"column":57}},"type":"cond-expr","locations":[{"start":{"line":121,"column":28},"end":{"line":121,"column":45}},{"start":{"line":121,"column":48},"end":{"line":121,"column":57}}],"line":121},"12":{"loc":{"start":{"line":138,"column":27},"end":{"line":138,"column":63}},"type":"binary-expr","locations":[{"start":{"line":138,"column":27},"end":{"line":138,"column":58}},{"start":{"line":138,"column":62},"end":{"line":138,"column":63}}],"line":138},"13":{"loc":{"start":{"line":139,"column":23},"end":{"line":139,"column":57}},"type":"binary-expr","locations":[{"start":{"line":139,"column":23},"end":{"line":139,"column":50}},{"start":{"line":139,"column":54},"end":{"line":139,"column":57}}],"line":139},"14":{"loc":{"start":{"line":146,"column":4},"end":{"line":157,"column":null}},"type":"if","locations":[{"start":{"line":146,"column":4},"end":{"line":157,"column":null}},{"start":{},"end":{}}],"line":146},"15":{"loc":{"start":{"line":151,"column":6},"end":{"line":156,"column":null}},"type":"if","locations":[{"start":{"line":151,"column":6},"end":{"line":156,"column":null}},{"start":{"line":154,"column":13},"end":{"line":156,"column":null}}],"line":151},"16":{"loc":{"start":{"line":170,"column":2},"end":{"line":172,"column":null}},"type":"if","locations":[{"start":{"line":170,"column":2},"end":{"line":172,"column":null}},{"start":{},"end":{}}],"line":170},"17":{"loc":{"start":{"line":174,"column":2},"end":{"line":176,"column":null}},"type":"if","locations":[{"start":{"line":174,"column":2},"end":{"line":176,"column":null}},{"start":{},"end":{}}],"line":174},"18":{"loc":{"start":{"line":174,"column":6},"end":{"line":174,"column":58}},"type":"binary-expr","locations":[{"start":{"line":174,"column":6},"end":{"line":174,"column":19}},{"start":{"line":174,"column":23},"end":{"line":174,"column":58}}],"line":174},"19":{"loc":{"start":{"line":208,"column":2},"end":{"line":208,"column":13}},"type":"default-arg","locations":[{"start":{"line":208,"column":12},"end":{"line":208,"column":13}}],"line":208},"20":{"loc":{"start":{"line":215,"column":2},"end":{"line":217,"column":null}},"type":"if","locations":[{"start":{"line":215,"column":2},"end":{"line":217,"column":null}},{"start":{},"end":{}}],"line":215},"21":{"loc":{"start":{"line":220,"column":2},"end":{"line":222,"column":null}},"type":"if","locations":[{"start":{"line":220,"column":2},"end":{"line":222,"column":null}},{"start":{},"end":{}}],"line":220},"22":{"loc":{"start":{"line":224,"column":25},"end":{"line":224,"column":57}},"type":"binary-expr","locations":[{"start":{"line":224,"column":25},"end":{"line":224,"column":51}},{"start":{"line":224,"column":55},"end":{"line":224,"column":57}}],"line":224},"23":{"loc":{"start":{"line":226,"column":2},"end":{"line":230,"column":null}},"type":"if","locations":[{"start":{"line":226,"column":2},"end":{"line":230,"column":null}},{"start":{},"end":{}}],"line":226},"24":{"loc":{"start":{"line":227,"column":24},"end":{"line":229,"column":11}},"type":"cond-expr","locations":[{"start":{"line":228,"column":8},"end":{"line":228,"column":null}},{"start":{"line":229,"column":8},"end":{"line":229,"column":11}}],"line":227},"25":{"loc":{"start":{"line":239,"column":2},"end":{"line":244,"column":null}},"type":"if","locations":[{"start":{"line":239,"column":2},"end":{"line":244,"column":null}},{"start":{},"end":{}}],"line":239},"26":{"loc":{"start":{"line":249,"column":2},"end":{"line":257,"column":null}},"type":"if","locations":[{"start":{"line":249,"column":2},"end":{"line":257,"column":null}},{"start":{},"end":{}}],"line":249},"27":{"loc":{"start":{"line":249,"column":6},"end":{"line":249,"column":49}},"type":"binary-expr","locations":[{"start":{"line":249,"column":6},"end":{"line":249,"column":18}},{"start":{"line":249,"column":22},"end":{"line":249,"column":49}}],"line":249},"28":{"loc":{"start":{"line":250,"column":4},"end":{"line":256,"column":null}},"type":"if","locations":[{"start":{"line":250,"column":4},"end":{"line":256,"column":null}},{"start":{"line":254,"column":11},"end":{"line":256,"column":null}}],"line":250},"29":{"loc":{"start":{"line":250,"column":8},"end":{"line":250,"column":62}},"type":"binary-expr","locations":[{"start":{"line":250,"column":8},"end":{"line":250,"column":35}},{"start":{"line":250,"column":39},"end":{"line":250,"column":62}}],"line":250},"30":{"loc":{"start":{"line":251,"column":22},"end":{"line":251,"column":53}},"type":"binary-expr","locations":[{"start":{"line":251,"column":22},"end":{"line":251,"column":48}},{"start":{"line":251,"column":52},"end":{"line":251,"column":53}}],"line":251},"31":{"loc":{"start":{"line":254,"column":11},"end":{"line":256,"column":null}},"type":"if","locations":[{"start":{"line":254,"column":11},"end":{"line":256,"column":null}},{"start":{},"end":{}}],"line":254},"32":{"loc":{"start":{"line":254,"column":15},"end":{"line":254,"column":81}},"type":"binary-expr","locations":[{"start":{"line":254,"column":15},"end":{"line":254,"column":47}},{"start":{"line":254,"column":51},"end":{"line":254,"column":81}}],"line":254},"33":{"loc":{"start":{"line":259,"column":21},"end":{"line":259,"column":76}},"type":"binary-expr","locations":[{"start":{"line":259,"column":21},"end":{"line":259,"column":43}},{"start":{"line":259,"column":47},"end":{"line":259,"column":76}}],"line":259},"34":{"loc":{"start":{"line":260,"column":2},"end":{"line":262,"column":null}},"type":"if","locations":[{"start":{"line":260,"column":2},"end":{"line":262,"column":null}},{"start":{},"end":{}}],"line":260},"35":{"loc":{"start":{"line":276,"column":6},"end":{"line":278,"column":null}},"type":"if","locations":[{"start":{"line":276,"column":6},"end":{"line":278,"column":null}},{"start":{},"end":{}}],"line":276},"36":{"loc":{"start":{"line":276,"column":10},"end":{"line":276,"column":76}},"type":"binary-expr","locations":[{"start":{"line":276,"column":10},"end":{"line":276,"column":26}},{"start":{"line":276,"column":30},"end":{"line":276,"column":51}},{"start":{"line":276,"column":55},"end":{"line":276,"column":76}}],"line":276},"37":{"loc":{"start":{"line":289,"column":6},"end":{"line":291,"column":null}},"type":"if","locations":[{"start":{"line":289,"column":6},"end":{"line":291,"column":null}},{"start":{},"end":{}}],"line":289},"38":{"loc":{"start":{"line":296,"column":6},"end":{"line":302,"column":null}},"type":"if","locations":[{"start":{"line":296,"column":6},"end":{"line":302,"column":null}},{"start":{"line":300,"column":13},"end":{"line":302,"column":null}}],"line":296},"39":{"loc":{"start":{"line":297,"column":8},"end":{"line":299,"column":null}},"type":"if","locations":[{"start":{"line":297,"column":8},"end":{"line":299,"column":null}},{"start":{},"end":{}}],"line":297},"40":{"loc":{"start":{"line":297,"column":12},"end":{"line":297,"column":55}},"type":"binary-expr","locations":[{"start":{"line":297,"column":12},"end":{"line":297,"column":32}},{"start":{"line":297,"column":36},"end":{"line":297,"column":55}}],"line":297},"41":{"loc":{"start":{"line":304,"column":6},"end":{"line":306,"column":null}},"type":"if","locations":[{"start":{"line":304,"column":6},"end":{"line":306,"column":null}},{"start":{},"end":{}}],"line":304}},"s":{"0":1,"1":16,"2":16,"3":16,"4":10,"5":10,"6":14,"7":14,"8":14,"9":0,"10":10,"11":10,"12":9,"13":9,"14":9,"15":27,"16":27,"17":27,"18":27,"19":27,"20":18,"21":18,"22":18,"23":18,"24":0,"25":0,"26":27,"27":27,"28":9,"29":10,"30":10,"31":10,"32":10,"33":10,"34":23,"35":23,"36":23,"37":23,"38":23,"39":23,"40":23,"41":9,"42":9,"43":9,"44":14,"45":23,"46":7,"47":2,"48":5,"49":5,"50":3,"51":2,"52":2,"53":2,"54":11,"55":11,"56":11,"57":1,"58":10,"59":10,"60":0,"61":10,"62":11,"63":11,"64":10,"65":10,"66":10,"67":1,"68":10,"69":10,"70":10,"71":10,"72":10,"73":10,"74":10,"75":0,"76":0,"77":10,"78":11,"79":10,"80":10,"81":10,"82":10,"83":10,"84":15,"85":15,"86":15,"87":9,"88":15,"89":1,"90":8,"91":8,"92":8,"93":7,"94":7,"95":1,"96":6,"97":6,"98":5,"99":4,"100":1,"101":6,"102":1,"103":5,"104":5,"105":5},"f":{"0":16,"1":16,"2":10,"3":14,"4":10,"5":9,"6":10,"7":23,"8":23,"9":9,"10":7,"11":11,"12":15,"13":5},"b":{"0":[3,13],"1":[4,12],"2":[3,11],"3":[9,0],"4":[27,0],"5":[27,18],"6":[18,9],"7":[18,0],"8":[18,18],"9":[0,0],"10":[0,0],"11":[27,0],"12":[10,0],"13":[10,1],"14":[23,0],"15":[9,14],"16":[2,5],"17":[3,2],"18":[5,3],"19":[11],"20":[1,10],"21":[0,10],"22":[10,0],"23":[10,1],"24":[10,0],"25":[1,9],"26":[10,0],"27":[10,10],"28":[10,0],"29":[10,10],"30":[10,7],"31":[0,0],"32":[0,0],"33":[10,0],"34":[10,1],"35":[1,14],"36":[15,9,9],"37":[1,6],"38":[5,1],"39":[4,1],"40":[5,3],"41":[1,5]},"meta":{"lastBranch":42,"lastFunction":14,"lastStatement":106,"seen":{"s:7:21:7:30":0,"f:12:16:12:33":0,"s:13:2:13:Infinity":1,"f:28:16:28:31":1,"s:31:15:37:4":2,"b:35:45:35:56:35:59:35:63":0,"b:36:35:36:41:36:44:36:48":1,"s:38:2:38:Infinity":3,"f:47:16:47:33":2,"s:48:15:48:39":4,"s:49:2:49:Infinity":5,"f:58:22:58:32":3,"s:59:2:65:Infinity":6,"s:60:17:60:36":7,"s:61:4:61:Infinity":8,"b:61:19:61:33:61:36:61:40":2,"s:64:4:64:Infinity":9,"f:78:22:78:32":4,"s:81:2:87:Infinity":10,"s:82:3:84:Infinity":11,"f:97:16:97:37":5,"s:98:18:98:27":12,"s:99:28:99:63":13,"b:99:40:99:56:99:60:99:62":3,"s:101:2:125:Infinity":14,"s:102:27:102:59":15,"b:102:27:102:53:102:57:102:59":4,"s:103:20:103:43":16,"s:104:23:104:78":17,"b:104:23:104:45:104:49:104:78":5,"s:107:17:107:25":18,"b:108:4:116:Infinity:undefined:undefined:undefined:undefined":6,"s:108:4:116:Infinity":19,"s:109:27:109:41":20,"b:110:6:115:Infinity:113:13:115:Infinity":7,"s:110:6:115:Infinity":21,"b:110:10:110:37:110:41:110:64":8,"s:111:27:111:39":22,"s:112:8:112:Infinity":23,"b:113:13:115:Infinity:undefined:undefined:undefined:undefined":9,"s:113:13:115:Infinity":24,"b:113:17:113:49:113:53:113:83":10,"s:114:8:114:Infinity":25,"s:118:19:122:6":26,"b:121:28:121:45:121:48:121:57":11,"s:124:4:124:Infinity":27,"s:127:2:127:Infinity":28,"f:137:16:137:38":6,"s:138:27:138:63":29,"b:138:27:138:58:138:62:138:63":12,"s:139:23:139:57":30,"b:139:23:139:50:139:54:139:57":13,"s:141:15:141:40":31,"s:142:22:142:23":32,"s:144:2:159:Infinity":33,"f:144:9:144:10":7,"s:144:17:159:4":34,"f:144:23:144:28":8,"s:145:20:145:39":35,"b:146:4:157:Infinity:undefined:undefined:undefined:undefined":14,"s:146:4:157:Infinity":36,"s:147:18:147:28":37,"s:148:24:148:47":38,"s:149:19:149:34":39,"b:151:6:156:Infinity:154:13:156:Infinity":15,"s:151:6:156:Infinity":40,"s:152:8:152:Infinity":41,"s:153:8:153:Infinity":42,"f:153:26:153:27":9,"s:153:41:153:67":43,"s:155:8:155:Infinity":44,"s:158:4:158:Infinity":45,"f:169:16:169:36":10,"b:170:2:172:Infinity:undefined:undefined:undefined:undefined":16,"s:170:2:172:Infinity":46,"s:171:4:171:Infinity":47,"s:173:19:173:43":48,"b:174:2:176:Infinity:undefined:undefined:undefined:undefined":17,"s:174:2:176:Infinity":49,"b:174:6:174:19:174:23:174:58":18,"s:175:4:175:Infinity":50,"s:177:19:177:53":51,"s:178:16:178:51":52,"s:179:2:179:Infinity":53,"f:198:22:198:29":11,"b:208:12:208:13":19,"s:211:19:213:4":54,"s:214:25:214:51":55,"b:215:2:217:Infinity:undefined:undefined:undefined:undefined":20,"s:215:2:217:Infinity":56,"s:216:4:216:Infinity":57,"s:219:17:219:38":58,"b:220:2:222:Infinity:undefined:undefined:undefined:undefined":21,"s:220:2:222:Infinity":59,"s:221:4:221:Infinity":60,"s:224:25:224:57":61,"b:224:25:224:51:224:55:224:57":22,"s:225:26:225:37":62,"b:226:2:230:Infinity:undefined:undefined:undefined:undefined":23,"s:226:2:230:Infinity":63,"s:227:4:229:Infinity":64,"b:228:8:228:Infinity:229:8:229:11":24,"s:233:17:237:3":65,"b:239:2:244:Infinity:undefined:undefined:undefined:undefined":25,"s:239:2:244:Infinity":66,"s:240:4:243:Infinity":67,"s:247:18:247:20":68,"s:248:23:248:37":69,"b:249:2:257:Infinity:undefined:undefined:undefined:undefined":26,"s:249:2:257:Infinity":70,"b:249:6:249:18:249:22:249:49":27,"b:250:4:256:Infinity:254:11:256:Infinity":28,"s:250:4:256:Infinity":71,"b:250:8:250:35:250:39:250:62":29,"s:251:22:251:53":72,"b:251:22:251:48:251:52:251:53":30,"s:252:6:252:Infinity":73,"s:253:6:253:Infinity":74,"b:254:11:256:Infinity:undefined:undefined:undefined:undefined":31,"s:254:11:256:Infinity":75,"b:254:15:254:47:254:51:254:81":32,"s:255:6:255:Infinity":76,"s:259:21:259:76":77,"b:259:21:259:43:259:47:259:76":33,"b:260:2:262:Infinity:undefined:undefined:undefined:undefined":34,"s:260:2:262:Infinity":78,"s:261:4:261:Infinity":79,"s:265:16:265:17":80,"s:266:20:266:24":81,"s:267:19:267:24":82,"s:269:2:311:Infinity":83,"s:270:4:310:Infinity":84,"s:271:25:273:7":85,"f:272:8:272:9":12,"s:272:14:272:61":86,"s:274:22:274:63":87,"b:276:6:278:Infinity:undefined:undefined:undefined:undefined":35,"s:276:6:278:Infinity":88,"b:276:10:276:26:276:30:276:51:276:55:276:76":36,"s:277:8:277:Infinity":89,"s:281:25:281:52":90,"s:282:6:284:Infinity":91,"s:286:6:286:Infinity":92,"s:288:6:288:Infinity":93,"b:289:6:291:Infinity:undefined:undefined:undefined:undefined":37,"s:289:6:291:Infinity":94,"s:290:8:290:Infinity":95,"s:295:24:295:29":96,"b:296:6:302:Infinity:300:13:302:Infinity":38,"s:296:6:302:Infinity":97,"b:297:8:299:Infinity:undefined:undefined:undefined:undefined":39,"s:297:8:299:Infinity":98,"b:297:12:297:32:297:36:297:55":40,"s:298:10:298:Infinity":99,"s:301:8:301:Infinity":100,"b:304:6:306:Infinity:undefined:undefined:undefined:undefined":41,"s:304:6:306:Infinity":101,"s:305:8:305:Infinity":102,"s:308:20:308:64":103,"s:309:6:309:Infinity":104,"f:309:24:309:25":13,"s:309:39:309:66":105}}}
}
